#
# There is insufficient memory for the Java Runtime Environment to continue.
# Native memory allocation (mmap) failed to map 65536 bytes for Failed to commit metaspace.
# Possible reasons:
#   The system is out of physical RAM or swap space
#   The process is running with CompressedOops enabled, and the Java Heap may be blocking the growth of the native heap
# Possible solutions:
#   Reduce memory load on the system
#   Increase physical memory or swap space
#   Check if swap backing store is full
#   Decrease Java heap size (-Xmx/-Xms)
#   Decrease number of Java threads
#   Decrease Java thread stack sizes (-Xss)
#   Set larger code cache with -XX:ReservedCodeCacheSize=
#   JVM is running with Unscaled Compressed Oops mode in which the Java heap is
#     placed in the first 4GB address space. The Java Heap base address is the
#     maximum limit for the native heap growth. Please use -XX:HeapBaseMinAddress
#     to set the Java Heap base and to place the Java Heap above 4GB virtual address.
# This output file may be truncated or incomplete.
#
#  Out of Memory Error (virtualSpaceNode.cpp:110), pid=17264, tid=4756
#
# JRE version: OpenJDK Runtime Environment Temurin-17.0.7+7 (17.0.7+7) (build 17.0.7+7)
# Java VM: OpenJDK 64-Bit Server VM Temurin-17.0.7+7 (17.0.7+7, mixed mode, tiered, compressed oops, compressed class ptrs, g1 gc, windows-amd64)
# No core dump will be written. Minidumps are not enabled by default on client versions of Windows
#

---------------  S U M M A R Y ------------

Command Line: -Dfile.encoding=UTF-8 -XX:+ShowCodeDetailsInExceptionMessages CampaignSettings.DeliverySettings_ConstituentMailOnly

Host: Intel(R) Core(TM) i3-3110M CPU @ 2.40GHz, 4 cores, 7G,  Windows 10 , 64 bit Build 19041 (10.0.19041.292)
Time: Tue Jun  6 16:02:43 2023 Malay Peninsula Standard Time elapsed time: 2.252170 seconds (0d 0h 0m 2s)

---------------  T H R E A D  ---------------

Current thread (0x000001ef35efa910):  JavaThread "main" [_thread_in_vm, id=4756, stack(0x000000b2d3e00000,0x000000b2d3f00000)]

Stack: [0x000000b2d3e00000,0x000000b2d3f00000]
Native frames: (J=compiled Java code, j=interpreted, Vv=VM code, C=native code)
V  [jvm.dll+0x67754a]
V  [jvm.dll+0x834304]
V  [jvm.dll+0x835aae]
V  [jvm.dll+0x836113]
V  [jvm.dll+0x24696f]
V  [jvm.dll+0x83039b]
V  [jvm.dll+0x61c006]
V  [jvm.dll+0x61c06a]
V  [jvm.dll+0x61e89a]
V  [jvm.dll+0x61c9a6]
V  [jvm.dll+0x23c350]
V  [jvm.dll+0x1ebe5d]
V  [jvm.dll+0x1e1891]
V  [jvm.dll+0x53ea50]
V  [jvm.dll+0x1f2067]
V  [jvm.dll+0x7af05b]
V  [jvm.dll+0x7b0402]
V  [jvm.dll+0x7b0738]
V  [jvm.dll+0x23ec6e]
V  [jvm.dll+0x380a4e]
C  0x000001ef422cb53b

Java frames: (J=compiled Java code, j=interpreted, Vv=VM code)
j  sun.security.util.NamedCurve.<init>(Lsun/security/util/KnownOIDs;Ljava/security/spec/EllipticCurve;Ljava/security/spec/ECPoint;Ljava/math/BigInteger;I)V+60 java.base@17.0.7
j  sun.security.util.CurveDB.add(Lsun/security/util/KnownOIDs;ILjava/lang/String;Ljava/lang/String;Ljava/lang/String;Ljava/lang/String;Ljava/lang/String;Ljava/lang/String;I)V+150 java.base@17.0.7
j  sun.security.util.CurveDB.<clinit>()V+47 java.base@17.0.7
v  ~StubRoutines::call_stub
j  sun.security.ec.SunEC.putEntries()V+75 jdk.crypto.ec@17.0.7
j  sun.security.ec.SunEC$1.run()Ljava/lang/Void;+4 jdk.crypto.ec@17.0.7
j  sun.security.ec.SunEC$1.run()Ljava/lang/Object;+1 jdk.crypto.ec@17.0.7
j  java.security.AccessController.executePrivileged(Ljava/security/PrivilegedAction;Ljava/security/AccessControlContext;Ljava/lang/Class;)Ljava/lang/Object;+29 java.base@17.0.7
j  java.security.AccessController.doPrivileged(Ljava/security/PrivilegedAction;)Ljava/lang/Object;+5 java.base@17.0.7
j  sun.security.ec.SunEC.<init>()V+19 jdk.crypto.ec@17.0.7
v  ~StubRoutines::call_stub
j  jdk.internal.reflect.NativeConstructorAccessorImpl.newInstance0(Ljava/lang/reflect/Constructor;[Ljava/lang/Object;)Ljava/lang/Object;+0 java.base@17.0.7
j  jdk.internal.reflect.NativeConstructorAccessorImpl.newInstance([Ljava/lang/Object;)Ljava/lang/Object;+118 java.base@17.0.7
j  jdk.internal.reflect.DelegatingConstructorAccessorImpl.newInstance([Ljava/lang/Object;)Ljava/lang/Object;+5 java.base@17.0.7
j  java.lang.reflect.Constructor.newInstanceWithCaller([Ljava/lang/Object;ZLjava/lang/Class;)Ljava/lang/Object;+65 java.base@17.0.7
j  java.lang.reflect.Constructor.newInstance([Ljava/lang/Object;)Ljava/lang/Object;+30 java.base@17.0.7
j  java.util.ServiceLoader$ProviderImpl.newInstance()Ljava/lang/Object;+19 java.base@17.0.7
j  java.util.ServiceLoader$ProviderImpl.get()Ljava/lang/Object;+13 java.base@17.0.7
j  java.util.ServiceLoader$3.next()Ljava/lang/Object;+58 java.base@17.0.7
j  sun.security.jca.ProviderConfig$ProviderLoader.load(Ljava/lang/String;)Ljava/security/Provider;+54 java.base@17.0.7
j  sun.security.jca.ProviderConfig$3.run()Ljava/security/Provider;+44 java.base@17.0.7
j  sun.security.jca.ProviderConfig$3.run()Ljava/lang/Object;+1 java.base@17.0.7
j  java.security.AccessController.executePrivileged(Ljava/security/PrivilegedAction;Ljava/security/AccessControlContext;Ljava/lang/Class;)Ljava/lang/Object;+29 java.base@17.0.7
j  java.security.AccessController.doPrivileged(Ljava/security/PrivilegedAction;)Ljava/lang/Object;+5 java.base@17.0.7
j  sun.security.jca.ProviderConfig.doLoadProvider()Ljava/security/Provider;+8 java.base@17.0.7
j  sun.security.jca.ProviderConfig.getProvider()Ljava/security/Provider;+281 java.base@17.0.7
j  sun.security.jca.ProviderList.getProvider(I)Ljava/security/Provider;+6 java.base@17.0.7
j  sun.security.jca.ProviderList.getService(Ljava/lang/String;Ljava/lang/String;)Ljava/security/Provider$Service;+90 java.base@17.0.7
j  sun.security.jca.GetInstance.getInstance(Ljava/lang/String;Ljava/lang/Class;Ljava/lang/String;)Lsun/security/jca/GetInstance$Instance;+7 java.base@17.0.7
j  javax.net.ssl.SSLContext.getInstance(Ljava/lang/String;)Ljavax/net/ssl/SSLContext;+12 java.base@17.0.7
j  org.apache.http.ssl.SSLContexts.createDefault()Ljavax/net/ssl/SSLContext;+2
j  org.apache.http.conn.ssl.SSLConnectionSocketFactory.getSocketFactory()Lorg/apache/http/conn/ssl/SSLConnectionSocketFactory;+4
j  org.openqa.selenium.remote.internal.HttpClientFactory.getClientConnectionManager()Lorg/apache/http/conn/HttpClientConnectionManager;+13
j  org.openqa.selenium.remote.internal.HttpClientFactory.<init>(II)V+5
j  org.openqa.selenium.remote.internal.HttpClientFactory.<init>()V+7
j  org.openqa.selenium.remote.internal.ApacheHttpClient$Factory.getDefaultHttpClientFactory()Lorg/openqa/selenium/remote/internal/HttpClientFactory;+10
j  org.openqa.selenium.remote.internal.ApacheHttpClient$Factory.<init>()V+1
j  org.openqa.selenium.remote.HttpCommandExecutor.getDefaultClientFactory()Lorg/openqa/selenium/remote/http/HttpClient$Factory;+10
j  org.openqa.selenium.remote.HttpCommandExecutor.<init>(Ljava/util/Map;Ljava/net/URL;)V+3
j  org.openqa.selenium.remote.service.DriverCommandExecutor.<init>(Lorg/openqa/selenium/remote/service/DriverService;Ljava/util/Map;)V+6
j  org.openqa.selenium.chrome.ChromeDriverCommandExecutor.<init>(Lorg/openqa/selenium/remote/service/DriverService;)V+5
j  org.openqa.selenium.chrome.ChromeDriver.<init>(Lorg/openqa/selenium/chrome/ChromeDriverService;Lorg/openqa/selenium/Capabilities;)V+6
j  org.openqa.selenium.chrome.ChromeDriver.<init>(Lorg/openqa/selenium/chrome/ChromeDriverService;Lorg/openqa/selenium/chrome/ChromeOptions;)V+6
j  org.openqa.selenium.chrome.ChromeDriver.<init>()V+11
j  CampaignSettings.DeliverySettings_ConstituentMailOnly.main([Ljava/lang/String;)V+67
v  ~StubRoutines::call_stub

---------------  P R O C E S S  ---------------

Threads class SMR info:
_java_thread_list=0x000001ef519be2f0, length=15, elements={
0x000001ef35efa910, 0x000001ef51530a80, 0x000001ef51531800, 0x000001ef51538290,
0x000001ef51538760, 0x000001ef515697d0, 0x000001ef51569ca0, 0x000001ef5156a640,
0x000001ef516a2270, 0x000001ef516ef690, 0x000001ef51807a70, 0x000001ef5182a800,
0x000001ef56087ad0, 0x000001ef5608aa60, 0x000001ef560b77f0
}

Java Threads: ( => current thread )
=>0x000001ef35efa910 JavaThread "main" [_thread_in_vm, id=4756, stack(0x000000b2d3e00000,0x000000b2d3f00000)]
  0x000001ef51530a80 JavaThread "Reference Handler" daemon [_thread_blocked, id=11392, stack(0x000000b2d4500000,0x000000b2d4600000)]
  0x000001ef51531800 JavaThread "Finalizer" daemon [_thread_blocked, id=10928, stack(0x000000b2d4600000,0x000000b2d4700000)]
  0x000001ef51538290 JavaThread "Signal Dispatcher" daemon [_thread_blocked, id=17468, stack(0x000000b2d4700000,0x000000b2d4800000)]
  0x000001ef51538760 JavaThread "Attach Listener" daemon [_thread_blocked, id=18072, stack(0x000000b2d4800000,0x000000b2d4900000)]
  0x000001ef515697d0 JavaThread "Service Thread" daemon [_thread_blocked, id=564, stack(0x000000b2d4900000,0x000000b2d4a00000)]
  0x000001ef51569ca0 JavaThread "Monitor Deflation Thread" daemon [_thread_blocked, id=19540, stack(0x000000b2d4a00000,0x000000b2d4b00000)]
  0x000001ef5156a640 JavaThread "C2 CompilerThread0" daemon [_thread_blocked, id=1156, stack(0x000000b2d4b00000,0x000000b2d4c00000)]
  0x000001ef516a2270 JavaThread "C1 CompilerThread0" daemon [_thread_blocked, id=620, stack(0x000000b2d4c00000,0x000000b2d4d00000)]
  0x000001ef516ef690 JavaThread "Sweeper thread" daemon [_thread_blocked, id=7812, stack(0x000000b2d4d00000,0x000000b2d4e00000)]
  0x000001ef51807a70 JavaThread "Notification Thread" daemon [_thread_blocked, id=12724, stack(0x000000b2d4e00000,0x000000b2d4f00000)]
  0x000001ef5182a800 JavaThread "Common-Cleaner" daemon [_thread_blocked, id=14064, stack(0x000000b2d5000000,0x000000b2d5100000)]
  0x000001ef56087ad0 JavaThread "Java2D Disposer" daemon [_thread_blocked, id=12956, stack(0x000000b2d5100000,0x000000b2d5200000)]
  0x000001ef5608aa60 JavaThread "AWT-Shutdown" [_thread_in_vm, id=19312, stack(0x000000b2d5200000,0x000000b2d5300000)]
  0x000001ef560b77f0 JavaThread "AWT-Windows" daemon [_thread_in_native, id=7180, stack(0x000000b2d5300000,0x000000b2d5400000)]

Other Threads:
  0x000001ef5152ac30 VMThread "VM Thread" [stack: 0x000000b2d4400000,0x000000b2d4500000] [id=4888]
  0x000001ef35f6d400 WatcherThread [stack: 0x000000b2d4f00000,0x000000b2d5000000] [id=11156]
  0x000001ef35f54d90 GCTaskThread "GC Thread#0" [stack: 0x000000b2d3f00000,0x000000b2d4000000] [id=9932]
  0x000001ef35f66030 ConcurrentGCThread "G1 Main Marker" [stack: 0x000000b2d4000000,0x000000b2d4100000] [id=17160]
  0x000001ef35f66940 ConcurrentGCThread "G1 Conc#0" [stack: 0x000000b2d4100000,0x000000b2d4200000] [id=6776]
  0x000001ef51380090 ConcurrentGCThread "G1 Refine#0" [stack: 0x000000b2d4200000,0x000000b2d4300000] [id=20152]
  0x000001ef51380fc0 ConcurrentGCThread "G1 Service" [stack: 0x000000b2d4300000,0x000000b2d4400000] [id=5720]

Threads with active compile tasks:

VM state: not at safepoint (normal execution)

VM Mutex/Monitor currently owned by a thread:  ([mutex/lock_event])
[0x000001ef35ee27c0] Metaspace_lock - owner thread: 0x000001ef35efa910

Heap address: 0x0000000081a00000, size: 2022 MB, Compressed Oops mode: 32-bit

CDS archive(s) not mapped
Compressed class space mapped at: 0x0000000100000000-0x0000000140000000, reserved size: 1073741824
Narrow klass base: 0x0000000000000000, Narrow klass shift: 3, Narrow klass range: 0x140000000

GC Precious Log:
 CPUs: 4 total, 4 available
 Memory: 8084M
 Large Page Support: Disabled
 NUMA Support: Disabled
 Compressed Oops: Enabled (32-bit)
 Heap Region Size: 1M
 Heap Min Capacity: 8M
 Heap Initial Capacity: 128M
 Heap Max Capacity: 2022M
 Pre-touch: Disabled
 Parallel Workers: 4
 Concurrent Workers: 1
 Concurrent Refinement Workers: 4
 Periodic GC: Disabled

Heap:
 garbage-first heap   total 131072K, used 8192K [0x0000000081a00000, 0x0000000100000000)
  region size 1024K, 7 young (7168K), 0 survivors (0K)
 Metaspace       used 11126K, committed 11264K, reserved 1114112K
  class space    used 1056K, committed 1152K, reserved 1048576K

Heap Regions: E=young(eden), S=young(survivor), O=old, HS=humongous(starts), HC=humongous(continues), CS=collection set, F=free, OA=open archive, CA=closed archive, TAMS=top-at-mark-start (previous, next)
|   0|0x0000000081a00000, 0x0000000081b00000, 0x0000000081b00000|100%|HS|  |TAMS 0x0000000081a00000, 0x0000000081a00000| Complete 
|   1|0x0000000081b00000, 0x0000000081c00000, 0x0000000081c00000|100%|HC|  |TAMS 0x0000000081b00000, 0x0000000081b00000| Complete 
|   2|0x0000000081c00000, 0x0000000081c00000, 0x0000000081d00000|  0%| F|  |TAMS 0x0000000081c00000, 0x0000000081c00000| Untracked 
|   3|0x0000000081d00000, 0x0000000081d00000, 0x0000000081e00000|  0%| F|  |TAMS 0x0000000081d00000, 0x0000000081d00000| Untracked 
|   4|0x0000000081e00000, 0x0000000081e00000, 0x0000000081f00000|  0%| F|  |TAMS 0x0000000081e00000, 0x0000000081e00000| Untracked 
|   5|0x0000000081f00000, 0x0000000081f00000, 0x0000000082000000|  0%| F|  |TAMS 0x0000000081f00000, 0x0000000081f00000| Untracked 
|   6|0x0000000082000000, 0x0000000082000000, 0x0000000082100000|  0%| F|  |TAMS 0x0000000082000000, 0x0000000082000000| Untracked 
|   7|0x0000000082100000, 0x0000000082100000, 0x0000000082200000|  0%| F|  |TAMS 0x0000000082100000, 0x0000000082100000| Untracked 
|   8|0x0000000082200000, 0x0000000082200000, 0x0000000082300000|  0%| F|  |TAMS 0x0000000082200000, 0x0000000082200000| Untracked 
|   9|0x0000000082300000, 0x0000000082300000, 0x0000000082400000|  0%| F|  |TAMS 0x0000000082300000, 0x0000000082300000| Untracked 
|  10|0x0000000082400000, 0x0000000082400000, 0x0000000082500000|  0%| F|  |TAMS 0x0000000082400000, 0x0000000082400000| Untracked 
|  11|0x0000000082500000, 0x0000000082500000, 0x0000000082600000|  0%| F|  |TAMS 0x0000000082500000, 0x0000000082500000| Untracked 
|  12|0x0000000082600000, 0x0000000082600000, 0x0000000082700000|  0%| F|  |TAMS 0x0000000082600000, 0x0000000082600000| Untracked 
|  13|0x0000000082700000, 0x0000000082700000, 0x0000000082800000|  0%| F|  |TAMS 0x0000000082700000, 0x0000000082700000| Untracked 
|  14|0x0000000082800000, 0x0000000082800000, 0x0000000082900000|  0%| F|  |TAMS 0x0000000082800000, 0x0000000082800000| Untracked 
|  15|0x0000000082900000, 0x0000000082900000, 0x0000000082a00000|  0%| F|  |TAMS 0x0000000082900000, 0x0000000082900000| Untracked 
|  16|0x0000000082a00000, 0x0000000082a00000, 0x0000000082b00000|  0%| F|  |TAMS 0x0000000082a00000, 0x0000000082a00000| Untracked 
|  17|0x0000000082b00000, 0x0000000082b00000, 0x0000000082c00000|  0%| F|  |TAMS 0x0000000082b00000, 0x0000000082b00000| Untracked 
|  18|0x0000000082c00000, 0x0000000082c00000, 0x0000000082d00000|  0%| F|  |TAMS 0x0000000082c00000, 0x0000000082c00000| Untracked 
|  19|0x0000000082d00000, 0x0000000082d00000, 0x0000000082e00000|  0%| F|  |TAMS 0x0000000082d00000, 0x0000000082d00000| Untracked 
|  20|0x0000000082e00000, 0x0000000082e00000, 0x0000000082f00000|  0%| F|  |TAMS 0x0000000082e00000, 0x0000000082e00000| Untracked 
|  21|0x0000000082f00000, 0x0000000082f00000, 0x0000000083000000|  0%| F|  |TAMS 0x0000000082f00000, 0x0000000082f00000| Untracked 
|  22|0x0000000083000000, 0x0000000083000000, 0x0000000083100000|  0%| F|  |TAMS 0x0000000083000000, 0x0000000083000000| Untracked 
|  23|0x0000000083100000, 0x0000000083100000, 0x0000000083200000|  0%| F|  |TAMS 0x0000000083100000, 0x0000000083100000| Untracked 
|  24|0x0000000083200000, 0x0000000083200000, 0x0000000083300000|  0%| F|  |TAMS 0x0000000083200000, 0x0000000083200000| Untracked 
|  25|0x0000000083300000, 0x0000000083300000, 0x0000000083400000|  0%| F|  |TAMS 0x0000000083300000, 0x0000000083300000| Untracked 
|  26|0x0000000083400000, 0x0000000083400000, 0x0000000083500000|  0%| F|  |TAMS 0x0000000083400000, 0x0000000083400000| Untracked 
|  27|0x0000000083500000, 0x0000000083500000, 0x0000000083600000|  0%| F|  |TAMS 0x0000000083500000, 0x0000000083500000| Untracked 
|  28|0x0000000083600000, 0x0000000083600000, 0x0000000083700000|  0%| F|  |TAMS 0x0000000083600000, 0x0000000083600000| Untracked 
|  29|0x0000000083700000, 0x0000000083700000, 0x0000000083800000|  0%| F|  |TAMS 0x0000000083700000, 0x0000000083700000| Untracked 
|  30|0x0000000083800000, 0x0000000083800000, 0x0000000083900000|  0%| F|  |TAMS 0x0000000083800000, 0x0000000083800000| Untracked 
|  31|0x0000000083900000, 0x0000000083900000, 0x0000000083a00000|  0%| F|  |TAMS 0x0000000083900000, 0x0000000083900000| Untracked 
|  32|0x0000000083a00000, 0x0000000083a00000, 0x0000000083b00000|  0%| F|  |TAMS 0x0000000083a00000, 0x0000000083a00000| Untracked 
|  33|0x0000000083b00000, 0x0000000083b00000, 0x0000000083c00000|  0%| F|  |TAMS 0x0000000083b00000, 0x0000000083b00000| Untracked 
|  34|0x0000000083c00000, 0x0000000083c00000, 0x0000000083d00000|  0%| F|  |TAMS 0x0000000083c00000, 0x0000000083c00000| Untracked 
|  35|0x0000000083d00000, 0x0000000083d00000, 0x0000000083e00000|  0%| F|  |TAMS 0x0000000083d00000, 0x0000000083d00000| Untracked 
|  36|0x0000000083e00000, 0x0000000083e00000, 0x0000000083f00000|  0%| F|  |TAMS 0x0000000083e00000, 0x0000000083e00000| Untracked 
|  37|0x0000000083f00000, 0x0000000083f00000, 0x0000000084000000|  0%| F|  |TAMS 0x0000000083f00000, 0x0000000083f00000| Untracked 
|  38|0x0000000084000000, 0x0000000084000000, 0x0000000084100000|  0%| F|  |TAMS 0x0000000084000000, 0x0000000084000000| Untracked 
|  39|0x0000000084100000, 0x0000000084100000, 0x0000000084200000|  0%| F|  |TAMS 0x0000000084100000, 0x0000000084100000| Untracked 
|  40|0x0000000084200000, 0x0000000084200000, 0x0000000084300000|  0%| F|  |TAMS 0x0000000084200000, 0x0000000084200000| Untracked 
|  41|0x0000000084300000, 0x0000000084300000, 0x0000000084400000|  0%| F|  |TAMS 0x0000000084300000, 0x0000000084300000| Untracked 
|  42|0x0000000084400000, 0x0000000084400000, 0x0000000084500000|  0%| F|  |TAMS 0x0000000084400000, 0x0000000084400000| Untracked 
|  43|0x0000000084500000, 0x0000000084500000, 0x0000000084600000|  0%| F|  |TAMS 0x0000000084500000, 0x0000000084500000| Untracked 
|  44|0x0000000084600000, 0x0000000084600000, 0x0000000084700000|  0%| F|  |TAMS 0x0000000084600000, 0x0000000084600000| Untracked 
|  45|0x0000000084700000, 0x0000000084700000, 0x0000000084800000|  0%| F|  |TAMS 0x0000000084700000, 0x0000000084700000| Untracked 
|  46|0x0000000084800000, 0x0000000084800000, 0x0000000084900000|  0%| F|  |TAMS 0x0000000084800000, 0x0000000084800000| Untracked 
|  47|0x0000000084900000, 0x0000000084900000, 0x0000000084a00000|  0%| F|  |TAMS 0x0000000084900000, 0x0000000084900000| Untracked 
|  48|0x0000000084a00000, 0x0000000084a00000, 0x0000000084b00000|  0%| F|  |TAMS 0x0000000084a00000, 0x0000000084a00000| Untracked 
|  49|0x0000000084b00000, 0x0000000084b00000, 0x0000000084c00000|  0%| F|  |TAMS 0x0000000084b00000, 0x0000000084b00000| Untracked 
|  50|0x0000000084c00000, 0x0000000084c00000, 0x0000000084d00000|  0%| F|  |TAMS 0x0000000084c00000, 0x0000000084c00000| Untracked 
|  51|0x0000000084d00000, 0x0000000084d00000, 0x0000000084e00000|  0%| F|  |TAMS 0x0000000084d00000, 0x0000000084d00000| Untracked 
|  52|0x0000000084e00000, 0x0000000084e00000, 0x0000000084f00000|  0%| F|  |TAMS 0x0000000084e00000, 0x0000000084e00000| Untracked 
|  53|0x0000000084f00000, 0x0000000084f00000, 0x0000000085000000|  0%| F|  |TAMS 0x0000000084f00000, 0x0000000084f00000| Untracked 
|  54|0x0000000085000000, 0x0000000085000000, 0x0000000085100000|  0%| F|  |TAMS 0x0000000085000000, 0x0000000085000000| Untracked 
|  55|0x0000000085100000, 0x0000000085100000, 0x0000000085200000|  0%| F|  |TAMS 0x0000000085100000, 0x0000000085100000| Untracked 
|  56|0x0000000085200000, 0x0000000085200000, 0x0000000085300000|  0%| F|  |TAMS 0x0000000085200000, 0x0000000085200000| Untracked 
|  57|0x0000000085300000, 0x0000000085300000, 0x0000000085400000|  0%| F|  |TAMS 0x0000000085300000, 0x0000000085300000| Untracked 
|  58|0x0000000085400000, 0x0000000085400000, 0x0000000085500000|  0%| F|  |TAMS 0x0000000085400000, 0x0000000085400000| Untracked 
|  59|0x0000000085500000, 0x0000000085500000, 0x0000000085600000|  0%| F|  |TAMS 0x0000000085500000, 0x0000000085500000| Untracked 
|  60|0x0000000085600000, 0x0000000085600000, 0x0000000085700000|  0%| F|  |TAMS 0x0000000085600000, 0x0000000085600000| Untracked 
|  61|0x0000000085700000, 0x0000000085700000, 0x0000000085800000|  0%| F|  |TAMS 0x0000000085700000, 0x0000000085700000| Untracked 
|  62|0x0000000085800000, 0x0000000085800000, 0x0000000085900000|  0%| F|  |TAMS 0x0000000085800000, 0x0000000085800000| Untracked 
|  63|0x0000000085900000, 0x0000000085900000, 0x0000000085a00000|  0%| F|  |TAMS 0x0000000085900000, 0x0000000085900000| Untracked 
|  64|0x0000000085a00000, 0x0000000085a00000, 0x0000000085b00000|  0%| F|  |TAMS 0x0000000085a00000, 0x0000000085a00000| Untracked 
|  65|0x0000000085b00000, 0x0000000085b00000, 0x0000000085c00000|  0%| F|  |TAMS 0x0000000085b00000, 0x0000000085b00000| Untracked 
|  66|0x0000000085c00000, 0x0000000085c00000, 0x0000000085d00000|  0%| F|  |TAMS 0x0000000085c00000, 0x0000000085c00000| Untracked 
|  67|0x0000000085d00000, 0x0000000085d00000, 0x0000000085e00000|  0%| F|  |TAMS 0x0000000085d00000, 0x0000000085d00000| Untracked 
|  68|0x0000000085e00000, 0x0000000085e00000, 0x0000000085f00000|  0%| F|  |TAMS 0x0000000085e00000, 0x0000000085e00000| Untracked 
|  69|0x0000000085f00000, 0x0000000085f00000, 0x0000000086000000|  0%| F|  |TAMS 0x0000000085f00000, 0x0000000085f00000| Untracked 
|  70|0x0000000086000000, 0x0000000086000000, 0x0000000086100000|  0%| F|  |TAMS 0x0000000086000000, 0x0000000086000000| Untracked 
|  71|0x0000000086100000, 0x0000000086100000, 0x0000000086200000|  0%| F|  |TAMS 0x0000000086100000, 0x0000000086100000| Untracked 
|  72|0x0000000086200000, 0x0000000086200000, 0x0000000086300000|  0%| F|  |TAMS 0x0000000086200000, 0x0000000086200000| Untracked 
|  73|0x0000000086300000, 0x0000000086300000, 0x0000000086400000|  0%| F|  |TAMS 0x0000000086300000, 0x0000000086300000| Untracked 
|  74|0x0000000086400000, 0x0000000086400000, 0x0000000086500000|  0%| F|  |TAMS 0x0000000086400000, 0x0000000086400000| Untracked 
|  75|0x0000000086500000, 0x0000000086500000, 0x0000000086600000|  0%| F|  |TAMS 0x0000000086500000, 0x0000000086500000| Untracked 
|  76|0x0000000086600000, 0x0000000086600000, 0x0000000086700000|  0%| F|  |TAMS 0x0000000086600000, 0x0000000086600000| Untracked 
|  77|0x0000000086700000, 0x0000000086700000, 0x0000000086800000|  0%| F|  |TAMS 0x0000000086700000, 0x0000000086700000| Untracked 
|  78|0x0000000086800000, 0x0000000086800000, 0x0000000086900000|  0%| F|  |TAMS 0x0000000086800000, 0x0000000086800000| Untracked 
|  79|0x0000000086900000, 0x0000000086900000, 0x0000000086a00000|  0%| F|  |TAMS 0x0000000086900000, 0x0000000086900000| Untracked 
|  80|0x0000000086a00000, 0x0000000086a00000, 0x0000000086b00000|  0%| F|  |TAMS 0x0000000086a00000, 0x0000000086a00000| Untracked 
|  81|0x0000000086b00000, 0x0000000086b00000, 0x0000000086c00000|  0%| F|  |TAMS 0x0000000086b00000, 0x0000000086b00000| Untracked 
|  82|0x0000000086c00000, 0x0000000086c00000, 0x0000000086d00000|  0%| F|  |TAMS 0x0000000086c00000, 0x0000000086c00000| Untracked 
|  83|0x0000000086d00000, 0x0000000086d00000, 0x0000000086e00000|  0%| F|  |TAMS 0x0000000086d00000, 0x0000000086d00000| Untracked 
|  84|0x0000000086e00000, 0x0000000086e00000, 0x0000000086f00000|  0%| F|  |TAMS 0x0000000086e00000, 0x0000000086e00000| Untracked 
|  85|0x0000000086f00000, 0x0000000086f00000, 0x0000000087000000|  0%| F|  |TAMS 0x0000000086f00000, 0x0000000086f00000| Untracked 
|  86|0x0000000087000000, 0x0000000087000000, 0x0000000087100000|  0%| F|  |TAMS 0x0000000087000000, 0x0000000087000000| Untracked 
|  87|0x0000000087100000, 0x0000000087100000, 0x0000000087200000|  0%| F|  |TAMS 0x0000000087100000, 0x0000000087100000| Untracked 
|  88|0x0000000087200000, 0x0000000087200000, 0x0000000087300000|  0%| F|  |TAMS 0x0000000087200000, 0x0000000087200000| Untracked 
|  89|0x0000000087300000, 0x0000000087300000, 0x0000000087400000|  0%| F|  |TAMS 0x0000000087300000, 0x0000000087300000| Untracked 
|  90|0x0000000087400000, 0x0000000087400000, 0x0000000087500000|  0%| F|  |TAMS 0x0000000087400000, 0x0000000087400000| Untracked 
|  91|0x0000000087500000, 0x0000000087500000, 0x0000000087600000|  0%| F|  |TAMS 0x0000000087500000, 0x0000000087500000| Untracked 
|  92|0x0000000087600000, 0x0000000087600000, 0x0000000087700000|  0%| F|  |TAMS 0x0000000087600000, 0x0000000087600000| Untracked 
|  93|0x0000000087700000, 0x0000000087700000, 0x0000000087800000|  0%| F|  |TAMS 0x0000000087700000, 0x0000000087700000| Untracked 
|  94|0x0000000087800000, 0x0000000087800000, 0x0000000087900000|  0%| F|  |TAMS 0x0000000087800000, 0x0000000087800000| Untracked 
|  95|0x0000000087900000, 0x0000000087900000, 0x0000000087a00000|  0%| F|  |TAMS 0x0000000087900000, 0x0000000087900000| Untracked 
|  96|0x0000000087a00000, 0x0000000087a00000, 0x0000000087b00000|  0%| F|  |TAMS 0x0000000087a00000, 0x0000000087a00000| Untracked 
|  97|0x0000000087b00000, 0x0000000087b00000, 0x0000000087c00000|  0%| F|  |TAMS 0x0000000087b00000, 0x0000000087b00000| Untracked 
|  98|0x0000000087c00000, 0x0000000087c00000, 0x0000000087d00000|  0%| F|  |TAMS 0x0000000087c00000, 0x0000000087c00000| Untracked 
|  99|0x0000000087d00000, 0x0000000087d00000, 0x0000000087e00000|  0%| F|  |TAMS 0x0000000087d00000, 0x0000000087d00000| Untracked 
| 100|0x0000000087e00000, 0x0000000087e00000, 0x0000000087f00000|  0%| F|  |TAMS 0x0000000087e00000, 0x0000000087e00000| Untracked 
| 101|0x0000000087f00000, 0x0000000087f00000, 0x0000000088000000|  0%| F|  |TAMS 0x0000000087f00000, 0x0000000087f00000| Untracked 
| 102|0x0000000088000000, 0x0000000088000000, 0x0000000088100000|  0%| F|  |TAMS 0x0000000088000000, 0x0000000088000000| Untracked 
| 103|0x0000000088100000, 0x0000000088100000, 0x0000000088200000|  0%| F|  |TAMS 0x0000000088100000, 0x0000000088100000| Untracked 
| 104|0x0000000088200000, 0x0000000088200000, 0x0000000088300000|  0%| F|  |TAMS 0x0000000088200000, 0x0000000088200000| Untracked 
| 105|0x0000000088300000, 0x0000000088300000, 0x0000000088400000|  0%| F|  |TAMS 0x0000000088300000, 0x0000000088300000| Untracked 
| 106|0x0000000088400000, 0x0000000088400000, 0x0000000088500000|  0%| F|  |TAMS 0x0000000088400000, 0x0000000088400000| Untracked 
| 107|0x0000000088500000, 0x0000000088500000, 0x0000000088600000|  0%| F|  |TAMS 0x0000000088500000, 0x0000000088500000| Untracked 
| 108|0x0000000088600000, 0x0000000088600000, 0x0000000088700000|  0%| F|  |TAMS 0x0000000088600000, 0x0000000088600000| Untracked 
| 109|0x0000000088700000, 0x0000000088700000, 0x0000000088800000|  0%| F|  |TAMS 0x0000000088700000, 0x0000000088700000| Untracked 
| 110|0x0000000088800000, 0x0000000088800000, 0x0000000088900000|  0%| F|  |TAMS 0x0000000088800000, 0x0000000088800000| Untracked 
| 111|0x0000000088900000, 0x0000000088900000, 0x0000000088a00000|  0%| F|  |TAMS 0x0000000088900000, 0x0000000088900000| Untracked 
| 112|0x0000000088a00000, 0x0000000088a00000, 0x0000000088b00000|  0%| F|  |TAMS 0x0000000088a00000, 0x0000000088a00000| Untracked 
| 113|0x0000000088b00000, 0x0000000088b00000, 0x0000000088c00000|  0%| F|  |TAMS 0x0000000088b00000, 0x0000000088b00000| Untracked 
| 114|0x0000000088c00000, 0x0000000088c00000, 0x0000000088d00000|  0%| F|  |TAMS 0x0000000088c00000, 0x0000000088c00000| Untracked 
| 115|0x0000000088d00000, 0x0000000088d00000, 0x0000000088e00000|  0%| F|  |TAMS 0x0000000088d00000, 0x0000000088d00000| Untracked 
| 116|0x0000000088e00000, 0x0000000088e00000, 0x0000000088f00000|  0%| F|  |TAMS 0x0000000088e00000, 0x0000000088e00000| Untracked 
| 117|0x0000000088f00000, 0x0000000088f00000, 0x0000000089000000|  0%| F|  |TAMS 0x0000000088f00000, 0x0000000088f00000| Untracked 
| 118|0x0000000089000000, 0x0000000089000000, 0x0000000089100000|  0%| F|  |TAMS 0x0000000089000000, 0x0000000089000000| Untracked 
| 119|0x0000000089100000, 0x0000000089100000, 0x0000000089200000|  0%| F|  |TAMS 0x0000000089100000, 0x0000000089100000| Untracked 
| 120|0x0000000089200000, 0x0000000089200000, 0x0000000089300000|  0%| F|  |TAMS 0x0000000089200000, 0x0000000089200000| Untracked 
| 121|0x0000000089300000, 0x0000000089343108, 0x0000000089400000| 26%| E|  |TAMS 0x0000000089300000, 0x0000000089300000| Complete 
| 122|0x0000000089400000, 0x0000000089500000, 0x0000000089500000|100%| E|CS|TAMS 0x0000000089400000, 0x0000000089400000| Complete 
| 123|0x0000000089500000, 0x0000000089600000, 0x0000000089600000|100%| E|CS|TAMS 0x0000000089500000, 0x0000000089500000| Complete 
| 124|0x0000000089600000, 0x0000000089700000, 0x0000000089700000|100%| E|CS|TAMS 0x0000000089600000, 0x0000000089600000| Complete 
| 125|0x0000000089700000, 0x0000000089800000, 0x0000000089800000|100%| E|CS|TAMS 0x0000000089700000, 0x0000000089700000| Complete 
| 126|0x0000000089800000, 0x0000000089900000, 0x0000000089900000|100%| E|CS|TAMS 0x0000000089800000, 0x0000000089800000| Complete 
| 127|0x0000000089900000, 0x0000000089a00000, 0x0000000089a00000|100%| E|CS|TAMS 0x0000000089900000, 0x0000000089900000| Complete 

Card table byte_map: [0x000001ef4a7a0000,0x000001ef4aba0000] _byte_map_base: 0x000001ef4a393000

Marking Bits (Prev, Next): (CMBitMap*) 0x000001ef35f552a0, (CMBitMap*) 0x000001ef35f552e0
 Prev Bits: [0x000001ef4afa0000, 0x000001ef4cf38000)
 Next Bits: [0x000001ef4cf40000, 0x000001ef4eed8000)

Polling page: 0x000001ef35d90000

Metaspace:

Usage:
  Non-class:      9.83 MB used.
      Class:      1.03 MB used.
       Both:     10.87 MB used.

Virtual space:
  Non-class space:       64.00 MB reserved,       9.88 MB ( 15%) committed,  1 nodes.
      Class space:        1.00 GB reserved,       1.12 MB ( <1%) committed,  1 nodes.
             Both:        1.06 GB reserved,      11.00 MB (  1%) committed. 

Chunk freelists:
   Non-Class:  6.07 MB
       Class:  14.71 MB
        Both:  20.79 MB

MaxMetaspaceSize: unlimited
CompressedClassSpaceSize: 1.00 GB
Initial GC threshold: 21.00 MB
Current GC threshold: 21.00 MB
CDS: off
MetaspaceReclaimPolicy: balanced
 - commit_granule_bytes: 65536.
 - commit_granule_words: 8192.
 - virtual_space_node_default_size: 8388608.
 - enlarge_chunks_in_place: 1.
 - new_chunks_are_fully_committed: 0.
 - uncommit_free_chunks: 1.
 - use_allocation_guard: 0.
 - handle_deallocations: 1.


Internal statistics:

num_allocs_failed_limit: 0.
num_arena_births: 66.
num_arena_deaths: 0.
num_vsnodes_births: 2.
num_vsnodes_deaths: 0.
num_space_committed: 176.
num_space_uncommitted: 0.
num_chunks_returned_to_freelist: 0.
num_chunks_taken_from_freelist: 147.
num_chunk_merges: 0.
num_chunk_splits: 79.
num_chunks_enlarged: 50.
num_inconsistent_stats: 0.

CodeHeap 'non-profiled nmethods': size=120000Kb used=180Kb max_used=180Kb free=119819Kb
 bounds [0x000001ef42850000, 0x000001ef42ac0000, 0x000001ef49d80000]
CodeHeap 'profiled nmethods': size=120000Kb used=888Kb max_used=888Kb free=119111Kb
 bounds [0x000001ef3ad80000, 0x000001ef3aff0000, 0x000001ef422b0000]
CodeHeap 'non-nmethods': size=5760Kb used=1189Kb max_used=1203Kb free=4570Kb
 bounds [0x000001ef422b0000, 0x000001ef42520000, 0x000001ef42850000]
 total_blobs=1034 nmethods=543 adapters=404
 compilation: enabled
              stopped_count=0, restarted_count=0
 full_count=0

Compilation events (20 events):
Event: 1.863 Thread 0x000001ef516a2270  535       3       sun.security.util.KnownOIDs::register (349 bytes)
Event: 1.867 Thread 0x000001ef5156a640  537       4       java.lang.CharacterDataLatin1::toUpperCaseEx (71 bytes)
Event: 1.869 Thread 0x000001ef5156a640 nmethod 537 0x000001ef4287b810 code [0x000001ef4287b980, 0x000001ef4287ba78]
Event: 1.869 Thread 0x000001ef5156a640  539       4       java.lang.AbstractStringBuilder::append (45 bytes)
Event: 1.871 Thread 0x000001ef516a2270 nmethod 535 0x000001ef3ae55890 code [0x000001ef3ae561a0, 0x000001ef3ae5a718]
Event: 1.871 Thread 0x000001ef516a2270  538       3       java.util.ArrayList$Itr::hasNext (20 bytes)
Event: 1.871 Thread 0x000001ef516a2270 nmethod 538 0x000001ef3ae5bf90 code [0x000001ef3ae5c120, 0x000001ef3ae5c298]
Event: 1.871 Thread 0x000001ef516a2270  536       3       java.util.HashMap$HashIterator::hasNext (13 bytes)
Event: 1.871 Thread 0x000001ef516a2270 nmethod 536 0x000001ef3ae5c390 code [0x000001ef3ae5c520, 0x000001ef3ae5c698]
Event: 1.871 Thread 0x000001ef516a2270  534       3       java.util.Objects::nonNull (10 bytes)
Event: 1.871 Thread 0x000001ef516a2270 nmethod 534 0x000001ef3ae5c710 code [0x000001ef3ae5c8a0, 0x000001ef3ae5c9f8]
Event: 1.871 Thread 0x000001ef516a2270  540       1       java.security.Provider$Service::getType (5 bytes)
Event: 1.871 Thread 0x000001ef516a2270 nmethod 540 0x000001ef4287bb90 code [0x000001ef4287bd20, 0x000001ef4287bdf8]
Event: 1.871 Thread 0x000001ef516a2270  541       1       java.security.Provider$Service::getAlgorithm (5 bytes)
Event: 1.872 Thread 0x000001ef516a2270 nmethod 541 0x000001ef4287be90 code [0x000001ef4287c020, 0x000001ef4287c0f8]
Event: 1.872 Thread 0x000001ef516a2270  542       1       java.security.Provider$Service::getAliases (5 bytes)
Event: 1.872 Thread 0x000001ef516a2270 nmethod 542 0x000001ef4287c190 code [0x000001ef4287c320, 0x000001ef4287c3f8]
Event: 1.874 Thread 0x000001ef516a2270  543       3       sun.invoke.util.VerifyAccess::isClassAccessible (230 bytes)
Event: 1.876 Thread 0x000001ef516a2270 nmethod 543 0x000001ef3ae5ca90 code [0x000001ef3ae5cda0, 0x000001ef3ae5dc78]
Event: 1.881 Thread 0x000001ef5156a640 nmethod 539 0x000001ef4287c490 code [0x000001ef4287c640, 0x000001ef4287cc88]

GC Heap History (0 events):
No events

Dll operation events (7 events):
Event: 0.011 Loaded shared library C:\Users\Jahh\.p2\pool\plugins\org.eclipse.justj.openjdk.hotspot.jre.full.win32.x86_64_17.0.7.v20230425-1502\jre\bin\java.dll
Event: 0.270 Loaded shared library C:\Users\Jahh\.p2\pool\plugins\org.eclipse.justj.openjdk.hotspot.jre.full.win32.x86_64_17.0.7.v20230425-1502\jre\bin\net.dll
Event: 0.273 Loaded shared library C:\Users\Jahh\.p2\pool\plugins\org.eclipse.justj.openjdk.hotspot.jre.full.win32.x86_64_17.0.7.v20230425-1502\jre\bin\nio.dll
Event: 0.311 Loaded shared library C:\Users\Jahh\.p2\pool\plugins\org.eclipse.justj.openjdk.hotspot.jre.full.win32.x86_64_17.0.7.v20230425-1502\jre\bin\zip.dll
Event: 0.421 Loaded shared library C:\Users\Jahh\.p2\pool\plugins\org.eclipse.justj.openjdk.hotspot.jre.full.win32.x86_64_17.0.7.v20230425-1502\jre\bin\jimage.dll
Event: 0.431 Loaded shared library C:\Users\Jahh\.p2\pool\plugins\org.eclipse.justj.openjdk.hotspot.jre.full.win32.x86_64_17.0.7.v20230425-1502\jre\bin\awt.dll
Event: 1.806 Loaded shared library C:\Users\Jahh\.p2\pool\plugins\org.eclipse.justj.openjdk.hotspot.jre.full.win32.x86_64_17.0.7.v20230425-1502\jre\bin\verify.dll

Deoptimization events (20 events):
Event: 0.296 Thread 0x000001ef35efa910 DEOPT PACKING pc=0x000001ef3ad9910c sp=0x000000b2d3efa320
Event: 0.296 Thread 0x000001ef35efa910 DEOPT UNPACKING pc=0x000001ef42307143 sp=0x000000b2d3ef97b0 mode 0
Event: 0.296 Thread 0x000001ef35efa910 DEOPT PACKING pc=0x000001ef3ad9910c sp=0x000000b2d3efa320
Event: 0.296 Thread 0x000001ef35efa910 DEOPT UNPACKING pc=0x000001ef42307143 sp=0x000000b2d3ef97b0 mode 0
Event: 0.297 Thread 0x000001ef35efa910 DEOPT PACKING pc=0x000001ef3ad9910c sp=0x000000b2d3efa320
Event: 0.297 Thread 0x000001ef35efa910 DEOPT UNPACKING pc=0x000001ef42307143 sp=0x000000b2d3ef97b0 mode 0
Event: 0.297 Thread 0x000001ef35efa910 DEOPT PACKING pc=0x000001ef3ad9910c sp=0x000000b2d3efa320
Event: 0.297 Thread 0x000001ef35efa910 DEOPT UNPACKING pc=0x000001ef42307143 sp=0x000000b2d3ef97b0 mode 0
Event: 0.297 Thread 0x000001ef35efa910 DEOPT PACKING pc=0x000001ef3ad9910c sp=0x000000b2d3efa320
Event: 0.297 Thread 0x000001ef35efa910 DEOPT UNPACKING pc=0x000001ef42307143 sp=0x000000b2d3ef97b0 mode 0
Event: 0.298 Thread 0x000001ef35efa910 DEOPT PACKING pc=0x000001ef3ad9910c sp=0x000000b2d3efa320
Event: 0.298 Thread 0x000001ef35efa910 DEOPT UNPACKING pc=0x000001ef42307143 sp=0x000000b2d3ef97b0 mode 0
Event: 1.610 Thread 0x000001ef35efa910 DEOPT PACKING pc=0x000001ef3adabc67 sp=0x000000b2d3ef9ce0
Event: 1.610 Thread 0x000001ef35efa910 DEOPT UNPACKING pc=0x000001ef42307143 sp=0x000000b2d3ef9100 mode 0
Event: 1.779 Thread 0x000001ef35efa910 DEOPT PACKING pc=0x000001ef3adf16e5 sp=0x000000b2d3ef9eb0
Event: 1.779 Thread 0x000001ef35efa910 DEOPT UNPACKING pc=0x000001ef42307143 sp=0x000000b2d3ef9328 mode 0
Event: 1.849 Thread 0x000001ef35efa910 Uncommon trap: trap_request=0xffffff45 fr.pc=0x000001ef42876fe8 relative=0x0000000000000248
Event: 1.849 Thread 0x000001ef35efa910 Uncommon trap: reason=unstable_if action=reinterpret pc=0x000001ef42876fe8 method=java.lang.String.startsWith(Ljava/lang/String;I)Z @ 1 c2
Event: 1.849 Thread 0x000001ef35efa910 DEOPT PACKING pc=0x000001ef42876fe8 sp=0x000000b2d3efdba0
Event: 1.849 Thread 0x000001ef35efa910 DEOPT UNPACKING pc=0x000001ef423069a3 sp=0x000000b2d3efdb08 mode 2

Classes unloaded (0 events):
No events

Classes redefined (0 events):
No events

Internal exceptions (8 events):
Event: 0.394 Thread 0x000001ef35efa910 Exception <a 'java/lang/ClassNotFoundException'{0x00000000898a56c0}: sun/awt/resources/spi/awtProvider> (0x00000000898a56c0) 
thrown [s\src\hotspot\share\classfile\systemDictionary.cpp, line 256]
Event: 0.467 Thread 0x000001ef35efa910 Exception <a 'java/io/FileNotFoundException'{0x00000000898fc9f8}> (0x00000000898fc9f8) 
thrown [s\src\hotspot\share\prims\jni.cpp, line 516]
Event: 0.493 Thread 0x000001ef35efa910 Exception <a 'java/io/FileNotFoundException'{0x0000000089729e60}> (0x0000000089729e60) 
thrown [s\src\hotspot\share\prims\jni.cpp, line 516]
Event: 1.469 Thread 0x000001ef35efa910 Exception <a 'java/lang/NoSuchMethodError'{0x00000000897654c8}: 'java.lang.Object java.lang.invoke.DirectMethodHandle$Holder.invokeStaticInit(java.lang.Object)'> (0x00000000897654c8) 
thrown [s\src\hotspot\share\interpreter\linkResolver.cpp, line 759]
Event: 1.664 Thread 0x000001ef35efa910 Exception <a 'java/lang/NoSuchMethodError'{0x00000000896f2e70}: 'void java.lang.invoke.DirectMethodHandle$Holder.invokeStatic(java.lang.Object, java.lang.Object)'> (0x00000000896f2e70) 
thrown [s\src\hotspot\share\interpreter\linkResolver.cpp, line 759]
Event: 1.686 Thread 0x000001ef35efa910 Exception <a 'java/net/SocketException'{0x00000000896fd7b0}: Socket is not connected: shutdown> (0x00000000896fd7b0) 
thrown [s\src\hotspot\share\prims\jni.cpp, line 535]
Event: 1.766 Thread 0x000001ef35efa910 Exception <a 'java/lang/NoSuchMethodError'{0x00000000895e8fa8}: 'void java.lang.invoke.DirectMethodHandle$Holder.invokeVirtual(java.lang.Object, java.lang.Object, java.lang.Object, java.lang.Object)'> (0x00000000895e8fa8) 
thrown [s\src\hotspot\share\interpreter\linkResolver.cpp, line 759]
Event: 1.829 Thread 0x000001ef35efa910 Exception <a 'java/lang/NoClassDefFoundError'{0x000000008949d3b0}: org/apache/log4j/Priority> (0x000000008949d3b0) 
thrown [s\src\hotspot\share\classfile\systemDictionary.cpp, line 245]

VM Operations (8 events):
Event: 0.316 Executing VM operation: HandshakeAllThreads
Event: 0.316 Executing VM operation: HandshakeAllThreads done
Event: 1.329 Executing VM operation: Cleanup
Event: 1.330 Executing VM operation: Cleanup done
Event: 1.656 Executing VM operation: HandshakeAllThreads
Event: 1.656 Executing VM operation: HandshakeAllThreads done
Event: 1.846 Executing VM operation: HandshakeAllThreads
Event: 1.846 Executing VM operation: HandshakeAllThreads done

Events (20 events):
Event: 1.880 loading class java/security/ProviderException done
Event: 1.880 loading class sun/security/util/CurveDB
Event: 1.881 loading class sun/security/util/CurveDB done
Event: 1.881 loading class java/math/BigInteger
Event: 1.883 loading class java/math/BigInteger done
Event: 1.884 loading class java/security/spec/ECFieldFp
Event: 1.884 loading class java/security/spec/ECField
Event: 1.884 loading class java/security/spec/ECField done
Event: 1.884 loading class java/security/spec/ECFieldFp done
Event: 1.884 loading class java/security/spec/EllipticCurve
Event: 1.885 loading class java/security/spec/EllipticCurve done
Event: 1.885 loading class java/security/spec/ECPoint
Event: 1.885 loading class java/security/spec/ECPoint done
Event: 1.885 loading class sun/security/util/NamedCurve
Event: 1.885 loading class java/security/spec/ECParameterSpec
Event: 1.885 loading class java/security/spec/AlgorithmParameterSpec
Event: 1.885 loading class java/security/spec/AlgorithmParameterSpec done
Event: 1.885 loading class java/security/spec/ECParameterSpec done
Event: 1.885 loading class sun/security/util/NamedCurve done
Event: 1.886 loading class sun/security/util/DerOutputStream


Dynamic libraries:
0x00007ff622f40000 - 0x00007ff622f4e000 	C:\Users\Jahh\.p2\pool\plugins\org.eclipse.justj.openjdk.hotspot.jre.full.win32.x86_64_17.0.7.v20230425-1502\jre\bin\javaw.exe
0x00007ff8e1310000 - 0x00007ff8e1505000 	C:\WINDOWS\SYSTEM32\ntdll.dll
0x00007ff8e0280000 - 0x00007ff8e033d000 	C:\WINDOWS\System32\KERNEL32.DLL
0x00007ff8deda0000 - 0x00007ff8df067000 	C:\WINDOWS\System32\KERNELBASE.dll
0x00007ff8df1f0000 - 0x00007ff8df2f0000 	C:\WINDOWS\System32\ucrtbase.dll
0x00007ff8d82b0000 - 0x00007ff8d82c7000 	C:\Users\Jahh\.p2\pool\plugins\org.eclipse.justj.openjdk.hotspot.jre.full.win32.x86_64_17.0.7.v20230425-1502\jre\bin\jli.dll
0x00007ff8d8290000 - 0x00007ff8d82a9000 	C:\Users\Jahh\.p2\pool\plugins\org.eclipse.justj.openjdk.hotspot.jre.full.win32.x86_64_17.0.7.v20230425-1502\jre\bin\VCRUNTIME140.dll
0x00007ff8dfd20000 - 0x00007ff8dfec0000 	C:\WINDOWS\System32\USER32.dll
0x00007ff8deb40000 - 0x00007ff8deb62000 	C:\WINDOWS\System32\win32u.dll
0x00007ff8d26b0000 - 0x00007ff8d294b000 	C:\WINDOWS\WinSxS\amd64_microsoft.windows.common-controls_6595b64144ccf1df_6.0.19041.488_none_ca04af081b815d21\COMCTL32.dll
0x00007ff8dfc80000 - 0x00007ff8dfcaa000 	C:\WINDOWS\System32\GDI32.dll
0x00007ff8e07b0000 - 0x00007ff8e084e000 	C:\WINDOWS\System32\msvcrt.dll
0x00007ff8df2f0000 - 0x00007ff8df3f9000 	C:\WINDOWS\System32\gdi32full.dll
0x00007ff8df150000 - 0x00007ff8df1ed000 	C:\WINDOWS\System32\msvcp_win.dll
0x00007ff8dfbf0000 - 0x00007ff8dfc20000 	C:\WINDOWS\System32\IMM32.DLL
0x00007ff8d9cd0000 - 0x00007ff8d9cdc000 	C:\Users\Jahh\.p2\pool\plugins\org.eclipse.justj.openjdk.hotspot.jre.full.win32.x86_64_17.0.7.v20230425-1502\jre\bin\vcruntime140_1.dll
0x00007ff8c4e30000 - 0x00007ff8c4ec1000 	C:\Users\Jahh\.p2\pool\plugins\org.eclipse.justj.openjdk.hotspot.jre.full.win32.x86_64_17.0.7.v20230425-1502\jre\bin\msvcp140.dll
0x00007ff8aa1d0000 - 0x00007ff8aae18000 	C:\Users\Jahh\.p2\pool\plugins\org.eclipse.justj.openjdk.hotspot.jre.full.win32.x86_64_17.0.7.v20230425-1502\jre\bin\server\jvm.dll
0x00007ff8e0920000 - 0x00007ff8e09ca000 	C:\WINDOWS\System32\ADVAPI32.dll
0x00007ff8dfb50000 - 0x00007ff8dfbeb000 	C:\WINDOWS\System32\sechost.dll
0x00007ff8df970000 - 0x00007ff8dfa94000 	C:\WINDOWS\System32\RPCRT4.dll
0x00007ff8d44b0000 - 0x00007ff8d44b9000 	C:\WINDOWS\SYSTEM32\WSOCK32.dll
0x00007ff8d4110000 - 0x00007ff8d4137000 	C:\WINDOWS\SYSTEM32\WINMM.dll
0x00007ff8e0550000 - 0x00007ff8e05bb000 	C:\WINDOWS\System32\WS2_32.dll
0x00007ff8d4050000 - 0x00007ff8d405a000 	C:\WINDOWS\SYSTEM32\VERSION.dll
0x00007ff8dcaa0000 - 0x00007ff8dcab3000 	C:\WINDOWS\SYSTEM32\kernel.appcore.dll
0x00007ff8d44a0000 - 0x00007ff8d44aa000 	C:\Users\Jahh\.p2\pool\plugins\org.eclipse.justj.openjdk.hotspot.jre.full.win32.x86_64_17.0.7.v20230425-1502\jre\bin\jimage.dll
0x00007ff8c9e30000 - 0x00007ff8ca014000 	C:\WINDOWS\SYSTEM32\DBGHELP.DLL
0x00007ff8c9e00000 - 0x00007ff8c9e2c000 	C:\WINDOWS\SYSTEM32\dbgcore.DLL
0x00007ff8debc0000 - 0x00007ff8dec3f000 	C:\WINDOWS\System32\bcryptPrimitives.dll
0x00007ff8c6a50000 - 0x00007ff8c6a75000 	C:\Users\Jahh\.p2\pool\plugins\org.eclipse.justj.openjdk.hotspot.jre.full.win32.x86_64_17.0.7.v20230425-1502\jre\bin\java.dll
0x00007ff8d0a70000 - 0x00007ff8d0a88000 	C:\Users\Jahh\.p2\pool\plugins\org.eclipse.justj.openjdk.hotspot.jre.full.win32.x86_64_17.0.7.v20230425-1502\jre\bin\zip.dll
0x00007ff8e0b80000 - 0x00007ff8e12c1000 	C:\WINDOWS\System32\SHELL32.dll
0x00007ff8dcca0000 - 0x00007ff8dd433000 	C:\WINDOWS\SYSTEM32\windows.storage.dll
0x00007ff8dff20000 - 0x00007ff8e0275000 	C:\WINDOWS\System32\combase.dll
0x00007ff8de5b0000 - 0x00007ff8de5dc000 	C:\WINDOWS\SYSTEM32\Wldp.dll
0x00007ff8e05c0000 - 0x00007ff8e066e000 	C:\WINDOWS\System32\SHCORE.dll
0x00007ff8dfc20000 - 0x00007ff8dfc75000 	C:\WINDOWS\System32\shlwapi.dll
0x00007ff8dea70000 - 0x00007ff8dea96000 	C:\WINDOWS\SYSTEM32\profapi.dll
0x00007ff8ceef0000 - 0x00007ff8cef09000 	C:\Users\Jahh\.p2\pool\plugins\org.eclipse.justj.openjdk.hotspot.jre.full.win32.x86_64_17.0.7.v20230425-1502\jre\bin\net.dll
0x00007ff8d1c50000 - 0x00007ff8d1d50000 	C:\WINDOWS\SYSTEM32\WINHTTP.dll
0x00007ff8de330000 - 0x00007ff8de39a000 	C:\WINDOWS\system32\mswsock.dll
0x00007ff8ceb70000 - 0x00007ff8ceb85000 	C:\Users\Jahh\.p2\pool\plugins\org.eclipse.justj.openjdk.hotspot.jre.full.win32.x86_64_17.0.7.v20230425-1502\jre\bin\nio.dll
0x00007ff8b8b80000 - 0x00007ff8b8d0e000 	C:\Users\Jahh\.p2\pool\plugins\org.eclipse.justj.openjdk.hotspot.jre.full.win32.x86_64_17.0.7.v20230425-1502\jre\bin\awt.dll
0x00007ff8e0850000 - 0x00007ff8e091d000 	C:\WINDOWS\System32\OLEAUT32.dll
0x00007ff8dc410000 - 0x00007ff8dc4a0000 	C:\WINDOWS\SYSTEM32\apphelp.dll
0x00007ff8dc6e0000 - 0x00007ff8dc70f000 	C:\WINDOWS\system32\DWMAPI.DLL
0x00007ff8dc560000 - 0x00007ff8dc5ff000 	C:\WINDOWS\system32\uxtheme.dll
0x00007ff8be730000 - 0x00007ff8be855000 	C:\WINDOWS\system32\opengl32.dll
0x00007ff8c6800000 - 0x00007ff8c682c000 	C:\WINDOWS\SYSTEM32\GLU32.dll
0x00007ff8e0340000 - 0x00007ff8e0455000 	C:\WINDOWS\System32\MSCTF.dll
0x00007ff8e0670000 - 0x00007ff8e0799000 	C:\WINDOWS\System32\ole32.dll
0x00007ff8de010000 - 0x00007ff8de0db000 	C:\WINDOWS\SYSTEM32\DNSAPI.dll
0x00007ff8ddfd0000 - 0x00007ff8de00b000 	C:\WINDOWS\SYSTEM32\IPHLPAPI.DLL
0x00007ff8e07a0000 - 0x00007ff8e07a9000 	C:\WINDOWS\System32\NSI.dll
0x00007ff8d1600000 - 0x00007ff8d160a000 	C:\Windows\System32\rasadhlp.dll
0x00007ff8d1bd0000 - 0x00007ff8d1c4f000 	C:\WINDOWS\System32\fwpuclnt.dll
0x00007ff8df120000 - 0x00007ff8df147000 	C:\WINDOWS\System32\bcrypt.dll
0x00007ff8d3d70000 - 0x00007ff8d3d80000 	C:\Users\Jahh\.p2\pool\plugins\org.eclipse.justj.openjdk.hotspot.jre.full.win32.x86_64_17.0.7.v20230425-1502\jre\bin\verify.dll

dbghelp: loaded successfully - version: 4.0.5 - missing functions: none
symbol engine: initialized successfully - sym options: 0x614 - pdb path: .;C:\Users\Jahh\.p2\pool\plugins\org.eclipse.justj.openjdk.hotspot.jre.full.win32.x86_64_17.0.7.v20230425-1502\jre\bin;C:\WINDOWS\SYSTEM32;C:\WINDOWS\WinSxS\amd64_microsoft.windows.common-controls_6595b64144ccf1df_6.0.19041.488_none_ca04af081b815d21;C:\Users\Jahh\.p2\pool\plugins\org.eclipse.justj.openjdk.hotspot.jre.full.win32.x86_64_17.0.7.v20230425-1502\jre\bin\server

VM Arguments:
jvm_args: -Dfile.encoding=UTF-8 -XX:+ShowCodeDetailsInExceptionMessages 
java_command: CampaignSettings.DeliverySettings_ConstituentMailOnly
java_class_path (initial): C:\Users\Jahh\Desktop\CiviClick\CiviClick\target\classes;C:\Users\Jahh\Downloads\selenium-server-standalone-3.5.3.jar
Launcher Type: SUN_STANDARD

[Global flags]
     intx CICompilerCount                          = 3                                         {product} {ergonomic}
     uint ConcGCThreads                            = 1                                         {product} {ergonomic}
     uint G1ConcRefinementThreads                  = 4                                         {product} {ergonomic}
   size_t G1HeapRegionSize                         = 1048576                                   {product} {ergonomic}
    uintx GCDrainStackTargetSize                   = 64                                        {product} {ergonomic}
   size_t InitialHeapSize                          = 134217728                                 {product} {ergonomic}
   size_t MarkStackSize                            = 4194304                                   {product} {ergonomic}
   size_t MaxHeapSize                              = 2120220672                                {product} {ergonomic}
   size_t MaxNewSize                               = 1271922688                                {product} {ergonomic}
   size_t MinHeapDeltaBytes                        = 1048576                                   {product} {ergonomic}
   size_t MinHeapSize                              = 8388608                                   {product} {ergonomic}
    uintx NonNMethodCodeHeapSize                   = 5832780                                {pd product} {ergonomic}
    uintx NonProfiledCodeHeapSize                  = 122912730                              {pd product} {ergonomic}
    uintx ProfiledCodeHeapSize                     = 122912730                              {pd product} {ergonomic}
    uintx ReservedCodeCacheSize                    = 251658240                              {pd product} {ergonomic}
     bool SegmentedCodeCache                       = true                                      {product} {ergonomic}
     bool ShowCodeDetailsInExceptionMessages       = true                                   {manageable} {command line}
   size_t SoftMaxHeapSize                          = 2120220672                             {manageable} {ergonomic}
     bool UseCompressedClassPointers               = true                           {product lp64_product} {ergonomic}
     bool UseCompressedOops                        = true                           {product lp64_product} {ergonomic}
     bool UseG1GC                                  = true                                      {product} {ergonomic}
     bool UseLargePagesIndividualAllocation        = false                                  {pd product} {ergonomic}

Logging:
Log output configuration:
 #0: stdout all=warning uptime,level,tags
 #1: stderr all=off uptime,level,tags

Environment Variables:
PATH=C:/Users/Jahh/.p2/pool/plugins/org.eclipse.justj.openjdk.hotspot.jre.full.win32.x86_64_17.0.7.v20230425-1502/jre/bin/server;C:/Users/Jahh/.p2/pool/plugins/org.eclipse.justj.openjdk.hotspot.jre.full.win32.x86_64_17.0.7.v20230425-1502/jre/bin;C:\Program Files (x86)\NVIDIA Corporation\PhysX\Common;C:\WINDOWS\system32;C:\WINDOWS;C:\WINDOWS\System32\Wbem;C:\WINDOWS\System32\WindowsPowerShell\v1.0\;C:\Program Files\Intel\WiFi\bin\;C:\Program Files\Common Files\Intel\WirelessCommon\;C:\WINDOWS\System32\OpenSSH\;C:\Program Files\Git\cmd;C:\Program Files\Intel\WiFi\bin\;C:\Program Files\Common Files\Intel\WirelessCommon\;%USERPROFILE%\AppData\Local\Microsoft\WindowsApps;;C:\WINDOWS\System32;
USERNAME=Jahh
OS=Windows_NT
PROCESSOR_IDENTIFIER=Intel64 Family 6 Model 58 Stepping 9, GenuineIntel
TMP=C:\Users\Jahh\AppData\Local\Temp
TEMP=C:\Users\Jahh\AppData\Local\Temp



---------------  S Y S T E M  ---------------

OS:
 Windows 10 , 64 bit Build 19041 (10.0.19041.292)
OS uptime: 2 days 4:32 hours

CPU: total 4 (initial active 4) (2 cores per cpu, 2 threads per core) family 6 model 58 stepping 9 microcode 0x21, cx8, cmov, fxsr, ht, mmx, sse, sse2, sse3, ssse3, sse4.1, sse4.2, popcnt, tsc, tscinvbit, avx, erms, clmul, vzeroupper, clflush

Memory: 4k page, system-wide physical 8084M (858M free)
TotalPageFile size 10684M (AvailPageFile size 503M)
current process WorkingSet (physical memory assigned to process): 57M, peak: 57M
current process commit charge ("private bytes"): 210M, peak: 210M

vm_info: OpenJDK 64-Bit Server VM (17.0.7+7) for windows-amd64 JRE (17.0.7+7), built on Apr 18 2023 22:10:42 by "temurin" with MS VC++ 16.7 (VS2019)

END.
