#
# There is insufficient memory for the Java Runtime Environment to continue.
# Native memory allocation (malloc) failed to allocate 106320 bytes for Chunk::new
# Possible reasons:
#   The system is out of physical RAM or swap space
#   The process is running with CompressedOops enabled, and the Java Heap may be blocking the growth of the native heap
# Possible solutions:
#   Reduce memory load on the system
#   Increase physical memory or swap space
#   Check if swap backing store is full
#   Decrease Java heap size (-Xmx/-Xms)
#   Decrease number of Java threads
#   Decrease Java thread stack sizes (-Xss)
#   Set larger code cache with -XX:ReservedCodeCacheSize=
#   JVM is running with Unscaled Compressed Oops mode in which the Java heap is
#     placed in the first 4GB address space. The Java Heap base address is the
#     maximum limit for the native heap growth. Please use -XX:HeapBaseMinAddress
#     to set the Java Heap base and to place the Java Heap above 4GB virtual address.
# This output file may be truncated or incomplete.
#
#  Out of Memory Error (arena.cpp:189), pid=14716, tid=14880
#
# JRE version: OpenJDK Runtime Environment Temurin-17.0.7+7 (17.0.7+7) (build 17.0.7+7)
# Java VM: OpenJDK 64-Bit Server VM Temurin-17.0.7+7 (17.0.7+7, mixed mode, tiered, compressed oops, compressed class ptrs, g1 gc, windows-amd64)
# No core dump will be written. Minidumps are not enabled by default on client versions of Windows
#

---------------  S U M M A R Y ------------

Command Line: -Dfile.encoding=UTF-8 -XX:+ShowCodeDetailsInExceptionMessages CampaignSettings.DeliverySettings_ConstituentMailOnly

Host: Intel(R) Core(TM) i3-3110M CPU @ 2.40GHz, 4 cores, 7G,  Windows 10 , 64 bit Build 19041 (10.0.19041.292)
Time: Tue Jun  6 16:14:25 2023 Malay Peninsula Standard Time elapsed time: 1.381219 seconds (0d 0h 0m 1s)

---------------  T H R E A D  ---------------

Current thread (0x000002697e2efd20):  JavaThread "C2 CompilerThread0" daemon [_thread_in_native, id=14880, stack(0x000000dd30d00000,0x000000dd30e00000)]


Current CompileTask:
C2:   1381  856       4       sun.security.util.DerValue::<init> (445 bytes)

Stack: [0x000000dd30d00000,0x000000dd30e00000]
Native frames: (J=compiled Java code, j=interpreted, Vv=VM code, C=native code)
V  [jvm.dll+0x67754a]
V  [jvm.dll+0x834304]
V  [jvm.dll+0x835aae]
V  [jvm.dll+0x836113]
V  [jvm.dll+0x24696f]
V  [jvm.dll+0xac0ac]
V  [jvm.dll+0xac67c]
V  [jvm.dll+0x364e37]
V  [jvm.dll+0x32f6b1]
V  [jvm.dll+0x32eb5a]
V  [jvm.dll+0x219641]
V  [jvm.dll+0x218a61]
V  [jvm.dll+0x1a4d8d]
V  [jvm.dll+0x2284da]
V  [jvm.dll+0x226615]
V  [jvm.dll+0x7ea90b]
V  [jvm.dll+0x7e4e7a]
V  [jvm.dll+0x676395]
C  [ucrtbase.dll+0x214c2]
C  [KERNEL32.DLL+0x16fd4]
C  [ntdll.dll+0x4cec1]


---------------  P R O C E S S  ---------------

Threads class SMR info:
_java_thread_list=0x000002697e5c5a30, length=15, elements={
0x0000026964aa5ec0, 0x000002697e199e90, 0x000002697e19b780, 0x000002697e1a13c0,
0x000002697e1d4030, 0x000002697e1d5da0, 0x000002697e1d7f00, 0x000002697e2efd20,
0x000002697e2f9a30, 0x000002697e314ba0, 0x000002697e47a940, 0x000002697e48eb50,
0x000002697e74a080, 0x000002697e754010, 0x000002697e796010
}

Java Threads: ( => current thread )
  0x0000026964aa5ec0 JavaThread "main" [_thread_in_native, id=3248, stack(0x000000dd30000000,0x000000dd30100000)]
  0x000002697e199e90 JavaThread "Reference Handler" daemon [_thread_blocked, id=19764, stack(0x000000dd30700000,0x000000dd30800000)]
  0x000002697e19b780 JavaThread "Finalizer" daemon [_thread_blocked, id=6124, stack(0x000000dd30800000,0x000000dd30900000)]
  0x000002697e1a13c0 JavaThread "Signal Dispatcher" daemon [_thread_blocked, id=16256, stack(0x000000dd30900000,0x000000dd30a00000)]
  0x000002697e1d4030 JavaThread "Attach Listener" daemon [_thread_blocked, id=536, stack(0x000000dd30a00000,0x000000dd30b00000)]
  0x000002697e1d5da0 JavaThread "Service Thread" daemon [_thread_blocked, id=16272, stack(0x000000dd30b00000,0x000000dd30c00000)]
  0x000002697e1d7f00 JavaThread "Monitor Deflation Thread" daemon [_thread_blocked, id=8624, stack(0x000000dd30c00000,0x000000dd30d00000)]
=>0x000002697e2efd20 JavaThread "C2 CompilerThread0" daemon [_thread_in_native, id=14880, stack(0x000000dd30d00000,0x000000dd30e00000)]
  0x000002697e2f9a30 JavaThread "C1 CompilerThread0" daemon [_thread_blocked, id=7604, stack(0x000000dd30e00000,0x000000dd30f00000)]
  0x000002697e314ba0 JavaThread "Sweeper thread" daemon [_thread_blocked, id=1888, stack(0x000000dd30f00000,0x000000dd31000000)]
  0x000002697e47a940 JavaThread "Notification Thread" daemon [_thread_blocked, id=13496, stack(0x000000dd31000000,0x000000dd31100000)]
  0x000002697e48eb50 JavaThread "Common-Cleaner" daemon [_thread_blocked, id=1084, stack(0x000000dd31200000,0x000000dd31300000)]
  0x000002697e74a080 JavaThread "Java2D Disposer" daemon [_thread_blocked, id=11648, stack(0x000000dd31300000,0x000000dd31400000)]
  0x000002697e754010 JavaThread "AWT-Shutdown" [_thread_blocked, id=6344, stack(0x000000dd31400000,0x000000dd31500000)]
  0x000002697e796010 JavaThread "AWT-Windows" daemon [_thread_in_native, id=9136, stack(0x000000dd31500000,0x000000dd31600000)]

Other Threads:
  0x000002697e194060 VMThread "VM Thread" [stack: 0x000000dd30600000,0x000000dd30700000] [id=10960]
  0x000002697e480e30 WatcherThread [stack: 0x000000dd31100000,0x000000dd31200000] [id=7512]
  0x0000026964b023a0 GCTaskThread "GC Thread#0" [stack: 0x000000dd30100000,0x000000dd30200000] [id=15756]
  0x000002697ecd2140 GCTaskThread "GC Thread#1" [stack: 0x000000dd31700000,0x000000dd31800000] [id=20152]
  0x000002697ecd23f0 GCTaskThread "GC Thread#2" [stack: 0x000000dd31800000,0x000000dd31900000] [id=6776]
  0x000002697ecd26a0 GCTaskThread "GC Thread#3" [stack: 0x000000dd31900000,0x000000dd31a00000] [id=5720]
  0x0000026964b12fa0 ConcurrentGCThread "G1 Main Marker" [stack: 0x000000dd30200000,0x000000dd30300000] [id=19924]
  0x0000026964b14290 ConcurrentGCThread "G1 Conc#0" [stack: 0x000000dd30300000,0x000000dd30400000] [id=18996]
  0x0000026964b77930 ConcurrentGCThread "G1 Refine#0" [stack: 0x000000dd30400000,0x000000dd30500000] [id=7104]
  0x000002697ecd1040 ConcurrentGCThread "G1 Refine#1" [stack: 0x000000dd31a00000,0x000000dd31b00000] [id=2556]
  0x000002697dff0d60 ConcurrentGCThread "G1 Service" [stack: 0x000000dd30500000,0x000000dd30600000] [id=10116]

Threads with active compile tasks:
C2 CompilerThread0     1467  856       4       sun.security.util.DerValue::<init> (445 bytes)

VM state: not at safepoint (normal execution)

VM Mutex/Monitor currently owned by a thread: None

Heap address: 0x0000000081a00000, size: 2022 MB, Compressed Oops mode: 32-bit

CDS archive(s) not mapped
Compressed class space mapped at: 0x0000000100000000-0x0000000140000000, reserved size: 1073741824
Narrow klass base: 0x0000000000000000, Narrow klass shift: 3, Narrow klass range: 0x140000000

GC Precious Log:
 CPUs: 4 total, 4 available
 Memory: 8084M
 Large Page Support: Disabled
 NUMA Support: Disabled
 Compressed Oops: Enabled (32-bit)
 Heap Region Size: 1M
 Heap Min Capacity: 8M
 Heap Initial Capacity: 128M
 Heap Max Capacity: 2022M
 Pre-touch: Disabled
 Parallel Workers: 4
 Concurrent Workers: 1
 Concurrent Refinement Workers: 4
 Periodic GC: Disabled

Heap:
 garbage-first heap   total 131072K, used 5614K [0x0000000081a00000, 0x0000000100000000)
  region size 1024K, 3 young (3072K), 2 survivors (2048K)
 Metaspace       used 14310K, committed 14592K, reserved 1114112K
  class space    used 1375K, committed 1536K, reserved 1048576K

Heap Regions: E=young(eden), S=young(survivor), O=old, HS=humongous(starts), HC=humongous(continues), CS=collection set, F=free, OA=open archive, CA=closed archive, TAMS=top-at-mark-start (previous, next)
|   0|0x0000000081a00000, 0x0000000081b00000, 0x0000000081b00000|100%|HS|  |TAMS 0x0000000081a00000, 0x0000000081a00000| Complete 
|   1|0x0000000081b00000, 0x0000000081c00000, 0x0000000081c00000|100%|HC|  |TAMS 0x0000000081b00000, 0x0000000081b00000| Complete 
|   2|0x0000000081c00000, 0x0000000081d00000, 0x0000000081d00000|100%| O|  |TAMS 0x0000000081c00000, 0x0000000081c00000| Untracked 
|   3|0x0000000081d00000, 0x0000000081d7b800, 0x0000000081e00000| 48%| O|  |TAMS 0x0000000081d00000, 0x0000000081d00000| Untracked 
|   4|0x0000000081e00000, 0x0000000081e00000, 0x0000000081f00000|  0%| F|  |TAMS 0x0000000081e00000, 0x0000000081e00000| Untracked 
|   5|0x0000000081f00000, 0x0000000081f00000, 0x0000000082000000|  0%| F|  |TAMS 0x0000000081f00000, 0x0000000081f00000| Untracked 
|   6|0x0000000082000000, 0x0000000082000000, 0x0000000082100000|  0%| F|  |TAMS 0x0000000082000000, 0x0000000082000000| Untracked 
|   7|0x0000000082100000, 0x0000000082100000, 0x0000000082200000|  0%| F|  |TAMS 0x0000000082100000, 0x0000000082100000| Untracked 
|   8|0x0000000082200000, 0x0000000082200000, 0x0000000082300000|  0%| F|  |TAMS 0x0000000082200000, 0x0000000082200000| Untracked 
|   9|0x0000000082300000, 0x0000000082300000, 0x0000000082400000|  0%| F|  |TAMS 0x0000000082300000, 0x0000000082300000| Untracked 
|  10|0x0000000082400000, 0x0000000082400000, 0x0000000082500000|  0%| F|  |TAMS 0x0000000082400000, 0x0000000082400000| Untracked 
|  11|0x0000000082500000, 0x0000000082500000, 0x0000000082600000|  0%| F|  |TAMS 0x0000000082500000, 0x0000000082500000| Untracked 
|  12|0x0000000082600000, 0x0000000082600000, 0x0000000082700000|  0%| F|  |TAMS 0x0000000082600000, 0x0000000082600000| Untracked 
|  13|0x0000000082700000, 0x0000000082700000, 0x0000000082800000|  0%| F|  |TAMS 0x0000000082700000, 0x0000000082700000| Untracked 
|  14|0x0000000082800000, 0x0000000082800000, 0x0000000082900000|  0%| F|  |TAMS 0x0000000082800000, 0x0000000082800000| Untracked 
|  15|0x0000000082900000, 0x0000000082900000, 0x0000000082a00000|  0%| F|  |TAMS 0x0000000082900000, 0x0000000082900000| Untracked 
|  16|0x0000000082a00000, 0x0000000082a00000, 0x0000000082b00000|  0%| F|  |TAMS 0x0000000082a00000, 0x0000000082a00000| Untracked 
|  17|0x0000000082b00000, 0x0000000082b00000, 0x0000000082c00000|  0%| F|  |TAMS 0x0000000082b00000, 0x0000000082b00000| Untracked 
|  18|0x0000000082c00000, 0x0000000082c00000, 0x0000000082d00000|  0%| F|  |TAMS 0x0000000082c00000, 0x0000000082c00000| Untracked 
|  19|0x0000000082d00000, 0x0000000082d00000, 0x0000000082e00000|  0%| F|  |TAMS 0x0000000082d00000, 0x0000000082d00000| Untracked 
|  20|0x0000000082e00000, 0x0000000082e00000, 0x0000000082f00000|  0%| F|  |TAMS 0x0000000082e00000, 0x0000000082e00000| Untracked 
|  21|0x0000000082f00000, 0x0000000082f00000, 0x0000000083000000|  0%| F|  |TAMS 0x0000000082f00000, 0x0000000082f00000| Untracked 
|  22|0x0000000083000000, 0x0000000083000000, 0x0000000083100000|  0%| F|  |TAMS 0x0000000083000000, 0x0000000083000000| Untracked 
|  23|0x0000000083100000, 0x0000000083100000, 0x0000000083200000|  0%| F|  |TAMS 0x0000000083100000, 0x0000000083100000| Untracked 
|  24|0x0000000083200000, 0x0000000083200000, 0x0000000083300000|  0%| F|  |TAMS 0x0000000083200000, 0x0000000083200000| Untracked 
|  25|0x0000000083300000, 0x0000000083300000, 0x0000000083400000|  0%| F|  |TAMS 0x0000000083300000, 0x0000000083300000| Untracked 
|  26|0x0000000083400000, 0x0000000083400000, 0x0000000083500000|  0%| F|  |TAMS 0x0000000083400000, 0x0000000083400000| Untracked 
|  27|0x0000000083500000, 0x0000000083500000, 0x0000000083600000|  0%| F|  |TAMS 0x0000000083500000, 0x0000000083500000| Untracked 
|  28|0x0000000083600000, 0x0000000083600000, 0x0000000083700000|  0%| F|  |TAMS 0x0000000083600000, 0x0000000083600000| Untracked 
|  29|0x0000000083700000, 0x0000000083700000, 0x0000000083800000|  0%| F|  |TAMS 0x0000000083700000, 0x0000000083700000| Untracked 
|  30|0x0000000083800000, 0x0000000083800000, 0x0000000083900000|  0%| F|  |TAMS 0x0000000083800000, 0x0000000083800000| Untracked 
|  31|0x0000000083900000, 0x0000000083900000, 0x0000000083a00000|  0%| F|  |TAMS 0x0000000083900000, 0x0000000083900000| Untracked 
|  32|0x0000000083a00000, 0x0000000083a00000, 0x0000000083b00000|  0%| F|  |TAMS 0x0000000083a00000, 0x0000000083a00000| Untracked 
|  33|0x0000000083b00000, 0x0000000083b00000, 0x0000000083c00000|  0%| F|  |TAMS 0x0000000083b00000, 0x0000000083b00000| Untracked 
|  34|0x0000000083c00000, 0x0000000083c00000, 0x0000000083d00000|  0%| F|  |TAMS 0x0000000083c00000, 0x0000000083c00000| Untracked 
|  35|0x0000000083d00000, 0x0000000083d00000, 0x0000000083e00000|  0%| F|  |TAMS 0x0000000083d00000, 0x0000000083d00000| Untracked 
|  36|0x0000000083e00000, 0x0000000083e00000, 0x0000000083f00000|  0%| F|  |TAMS 0x0000000083e00000, 0x0000000083e00000| Untracked 
|  37|0x0000000083f00000, 0x0000000083f00000, 0x0000000084000000|  0%| F|  |TAMS 0x0000000083f00000, 0x0000000083f00000| Untracked 
|  38|0x0000000084000000, 0x0000000084000000, 0x0000000084100000|  0%| F|  |TAMS 0x0000000084000000, 0x0000000084000000| Untracked 
|  39|0x0000000084100000, 0x0000000084100000, 0x0000000084200000|  0%| F|  |TAMS 0x0000000084100000, 0x0000000084100000| Untracked 
|  40|0x0000000084200000, 0x0000000084200000, 0x0000000084300000|  0%| F|  |TAMS 0x0000000084200000, 0x0000000084200000| Untracked 
|  41|0x0000000084300000, 0x0000000084300000, 0x0000000084400000|  0%| F|  |TAMS 0x0000000084300000, 0x0000000084300000| Untracked 
|  42|0x0000000084400000, 0x0000000084400000, 0x0000000084500000|  0%| F|  |TAMS 0x0000000084400000, 0x0000000084400000| Untracked 
|  43|0x0000000084500000, 0x0000000084500000, 0x0000000084600000|  0%| F|  |TAMS 0x0000000084500000, 0x0000000084500000| Untracked 
|  44|0x0000000084600000, 0x0000000084600000, 0x0000000084700000|  0%| F|  |TAMS 0x0000000084600000, 0x0000000084600000| Untracked 
|  45|0x0000000084700000, 0x0000000084700000, 0x0000000084800000|  0%| F|  |TAMS 0x0000000084700000, 0x0000000084700000| Untracked 
|  46|0x0000000084800000, 0x0000000084800000, 0x0000000084900000|  0%| F|  |TAMS 0x0000000084800000, 0x0000000084800000| Untracked 
|  47|0x0000000084900000, 0x0000000084900000, 0x0000000084a00000|  0%| F|  |TAMS 0x0000000084900000, 0x0000000084900000| Untracked 
|  48|0x0000000084a00000, 0x0000000084a00000, 0x0000000084b00000|  0%| F|  |TAMS 0x0000000084a00000, 0x0000000084a00000| Untracked 
|  49|0x0000000084b00000, 0x0000000084b00000, 0x0000000084c00000|  0%| F|  |TAMS 0x0000000084b00000, 0x0000000084b00000| Untracked 
|  50|0x0000000084c00000, 0x0000000084c00000, 0x0000000084d00000|  0%| F|  |TAMS 0x0000000084c00000, 0x0000000084c00000| Untracked 
|  51|0x0000000084d00000, 0x0000000084d00000, 0x0000000084e00000|  0%| F|  |TAMS 0x0000000084d00000, 0x0000000084d00000| Untracked 
|  52|0x0000000084e00000, 0x0000000084e00000, 0x0000000084f00000|  0%| F|  |TAMS 0x0000000084e00000, 0x0000000084e00000| Untracked 
|  53|0x0000000084f00000, 0x0000000084f00000, 0x0000000085000000|  0%| F|  |TAMS 0x0000000084f00000, 0x0000000084f00000| Untracked 
|  54|0x0000000085000000, 0x0000000085000000, 0x0000000085100000|  0%| F|  |TAMS 0x0000000085000000, 0x0000000085000000| Untracked 
|  55|0x0000000085100000, 0x0000000085100000, 0x0000000085200000|  0%| F|  |TAMS 0x0000000085100000, 0x0000000085100000| Untracked 
|  56|0x0000000085200000, 0x0000000085200000, 0x0000000085300000|  0%| F|  |TAMS 0x0000000085200000, 0x0000000085200000| Untracked 
|  57|0x0000000085300000, 0x0000000085300000, 0x0000000085400000|  0%| F|  |TAMS 0x0000000085300000, 0x0000000085300000| Untracked 
|  58|0x0000000085400000, 0x0000000085400000, 0x0000000085500000|  0%| F|  |TAMS 0x0000000085400000, 0x0000000085400000| Untracked 
|  59|0x0000000085500000, 0x0000000085500000, 0x0000000085600000|  0%| F|  |TAMS 0x0000000085500000, 0x0000000085500000| Untracked 
|  60|0x0000000085600000, 0x0000000085600000, 0x0000000085700000|  0%| F|  |TAMS 0x0000000085600000, 0x0000000085600000| Untracked 
|  61|0x0000000085700000, 0x0000000085700000, 0x0000000085800000|  0%| F|  |TAMS 0x0000000085700000, 0x0000000085700000| Untracked 
|  62|0x0000000085800000, 0x0000000085800000, 0x0000000085900000|  0%| F|  |TAMS 0x0000000085800000, 0x0000000085800000| Untracked 
|  63|0x0000000085900000, 0x0000000085900000, 0x0000000085a00000|  0%| F|  |TAMS 0x0000000085900000, 0x0000000085900000| Untracked 
|  64|0x0000000085a00000, 0x0000000085a00000, 0x0000000085b00000|  0%| F|  |TAMS 0x0000000085a00000, 0x0000000085a00000| Untracked 
|  65|0x0000000085b00000, 0x0000000085b00000, 0x0000000085c00000|  0%| F|  |TAMS 0x0000000085b00000, 0x0000000085b00000| Untracked 
|  66|0x0000000085c00000, 0x0000000085c00000, 0x0000000085d00000|  0%| F|  |TAMS 0x0000000085c00000, 0x0000000085c00000| Untracked 
|  67|0x0000000085d00000, 0x0000000085d00000, 0x0000000085e00000|  0%| F|  |TAMS 0x0000000085d00000, 0x0000000085d00000| Untracked 
|  68|0x0000000085e00000, 0x0000000085e00000, 0x0000000085f00000|  0%| F|  |TAMS 0x0000000085e00000, 0x0000000085e00000| Untracked 
|  69|0x0000000085f00000, 0x0000000085f00000, 0x0000000086000000|  0%| F|  |TAMS 0x0000000085f00000, 0x0000000085f00000| Untracked 
|  70|0x0000000086000000, 0x0000000086000000, 0x0000000086100000|  0%| F|  |TAMS 0x0000000086000000, 0x0000000086000000| Untracked 
|  71|0x0000000086100000, 0x0000000086100000, 0x0000000086200000|  0%| F|  |TAMS 0x0000000086100000, 0x0000000086100000| Untracked 
|  72|0x0000000086200000, 0x0000000086200000, 0x0000000086300000|  0%| F|  |TAMS 0x0000000086200000, 0x0000000086200000| Untracked 
|  73|0x0000000086300000, 0x0000000086300000, 0x0000000086400000|  0%| F|  |TAMS 0x0000000086300000, 0x0000000086300000| Untracked 
|  74|0x0000000086400000, 0x0000000086400000, 0x0000000086500000|  0%| F|  |TAMS 0x0000000086400000, 0x0000000086400000| Untracked 
|  75|0x0000000086500000, 0x0000000086500000, 0x0000000086600000|  0%| F|  |TAMS 0x0000000086500000, 0x0000000086500000| Untracked 
|  76|0x0000000086600000, 0x0000000086600000, 0x0000000086700000|  0%| F|  |TAMS 0x0000000086600000, 0x0000000086600000| Untracked 
|  77|0x0000000086700000, 0x0000000086700000, 0x0000000086800000|  0%| F|  |TAMS 0x0000000086700000, 0x0000000086700000| Untracked 
|  78|0x0000000086800000, 0x0000000086800000, 0x0000000086900000|  0%| F|  |TAMS 0x0000000086800000, 0x0000000086800000| Untracked 
|  79|0x0000000086900000, 0x0000000086900000, 0x0000000086a00000|  0%| F|  |TAMS 0x0000000086900000, 0x0000000086900000| Untracked 
|  80|0x0000000086a00000, 0x0000000086a00000, 0x0000000086b00000|  0%| F|  |TAMS 0x0000000086a00000, 0x0000000086a00000| Untracked 
|  81|0x0000000086b00000, 0x0000000086b00000, 0x0000000086c00000|  0%| F|  |TAMS 0x0000000086b00000, 0x0000000086b00000| Untracked 
|  82|0x0000000086c00000, 0x0000000086c00000, 0x0000000086d00000|  0%| F|  |TAMS 0x0000000086c00000, 0x0000000086c00000| Untracked 
|  83|0x0000000086d00000, 0x0000000086d00000, 0x0000000086e00000|  0%| F|  |TAMS 0x0000000086d00000, 0x0000000086d00000| Untracked 
|  84|0x0000000086e00000, 0x0000000086e00000, 0x0000000086f00000|  0%| F|  |TAMS 0x0000000086e00000, 0x0000000086e00000| Untracked 
|  85|0x0000000086f00000, 0x0000000086f00000, 0x0000000087000000|  0%| F|  |TAMS 0x0000000086f00000, 0x0000000086f00000| Untracked 
|  86|0x0000000087000000, 0x0000000087000000, 0x0000000087100000|  0%| F|  |TAMS 0x0000000087000000, 0x0000000087000000| Untracked 
|  87|0x0000000087100000, 0x0000000087100000, 0x0000000087200000|  0%| F|  |TAMS 0x0000000087100000, 0x0000000087100000| Untracked 
|  88|0x0000000087200000, 0x0000000087200000, 0x0000000087300000|  0%| F|  |TAMS 0x0000000087200000, 0x0000000087200000| Untracked 
|  89|0x0000000087300000, 0x0000000087300000, 0x0000000087400000|  0%| F|  |TAMS 0x0000000087300000, 0x0000000087300000| Untracked 
|  90|0x0000000087400000, 0x0000000087400000, 0x0000000087500000|  0%| F|  |TAMS 0x0000000087400000, 0x0000000087400000| Untracked 
|  91|0x0000000087500000, 0x0000000087500000, 0x0000000087600000|  0%| F|  |TAMS 0x0000000087500000, 0x0000000087500000| Untracked 
|  92|0x0000000087600000, 0x0000000087600000, 0x0000000087700000|  0%| F|  |TAMS 0x0000000087600000, 0x0000000087600000| Untracked 
|  93|0x0000000087700000, 0x0000000087700000, 0x0000000087800000|  0%| F|  |TAMS 0x0000000087700000, 0x0000000087700000| Untracked 
|  94|0x0000000087800000, 0x0000000087800000, 0x0000000087900000|  0%| F|  |TAMS 0x0000000087800000, 0x0000000087800000| Untracked 
|  95|0x0000000087900000, 0x0000000087900000, 0x0000000087a00000|  0%| F|  |TAMS 0x0000000087900000, 0x0000000087900000| Untracked 
|  96|0x0000000087a00000, 0x0000000087a00000, 0x0000000087b00000|  0%| F|  |TAMS 0x0000000087a00000, 0x0000000087a00000| Untracked 
|  97|0x0000000087b00000, 0x0000000087b00000, 0x0000000087c00000|  0%| F|  |TAMS 0x0000000087b00000, 0x0000000087b00000| Untracked 
|  98|0x0000000087c00000, 0x0000000087c00000, 0x0000000087d00000|  0%| F|  |TAMS 0x0000000087c00000, 0x0000000087c00000| Untracked 
|  99|0x0000000087d00000, 0x0000000087d00000, 0x0000000087e00000|  0%| F|  |TAMS 0x0000000087d00000, 0x0000000087d00000| Untracked 
| 100|0x0000000087e00000, 0x0000000087e00000, 0x0000000087f00000|  0%| F|  |TAMS 0x0000000087e00000, 0x0000000087e00000| Untracked 
| 101|0x0000000087f00000, 0x0000000087f00000, 0x0000000088000000|  0%| F|  |TAMS 0x0000000087f00000, 0x0000000087f00000| Untracked 
| 102|0x0000000088000000, 0x0000000088000000, 0x0000000088100000|  0%| F|  |TAMS 0x0000000088000000, 0x0000000088000000| Untracked 
| 103|0x0000000088100000, 0x0000000088100000, 0x0000000088200000|  0%| F|  |TAMS 0x0000000088100000, 0x0000000088100000| Untracked 
| 104|0x0000000088200000, 0x0000000088200000, 0x0000000088300000|  0%| F|  |TAMS 0x0000000088200000, 0x0000000088200000| Untracked 
| 105|0x0000000088300000, 0x0000000088300000, 0x0000000088400000|  0%| F|  |TAMS 0x0000000088300000, 0x0000000088300000| Untracked 
| 106|0x0000000088400000, 0x0000000088400000, 0x0000000088500000|  0%| F|  |TAMS 0x0000000088400000, 0x0000000088400000| Untracked 
| 107|0x0000000088500000, 0x0000000088500000, 0x0000000088600000|  0%| F|  |TAMS 0x0000000088500000, 0x0000000088500000| Untracked 
| 108|0x0000000088600000, 0x0000000088600000, 0x0000000088700000|  0%| F|  |TAMS 0x0000000088600000, 0x0000000088600000| Untracked 
| 109|0x0000000088700000, 0x0000000088700000, 0x0000000088800000|  0%| F|  |TAMS 0x0000000088700000, 0x0000000088700000| Untracked 
| 110|0x0000000088800000, 0x0000000088800000, 0x0000000088900000|  0%| F|  |TAMS 0x0000000088800000, 0x0000000088800000| Untracked 
| 111|0x0000000088900000, 0x0000000088900000, 0x0000000088a00000|  0%| F|  |TAMS 0x0000000088900000, 0x0000000088900000| Untracked 
| 112|0x0000000088a00000, 0x0000000088a00000, 0x0000000088b00000|  0%| F|  |TAMS 0x0000000088a00000, 0x0000000088a00000| Untracked 
| 113|0x0000000088b00000, 0x0000000088c00000, 0x0000000088c00000|100%| S|CS|TAMS 0x0000000088b00000, 0x0000000088b00000| Complete 
| 114|0x0000000088c00000, 0x0000000088d00000, 0x0000000088d00000|100%| S|CS|TAMS 0x0000000088c00000, 0x0000000088c00000| Complete 
| 115|0x0000000088d00000, 0x0000000088d00000, 0x0000000088e00000|  0%| F|  |TAMS 0x0000000088d00000, 0x0000000088d00000| Untracked 
| 116|0x0000000088e00000, 0x0000000088e00000, 0x0000000088f00000|  0%| F|  |TAMS 0x0000000088e00000, 0x0000000088e00000| Untracked 
| 117|0x0000000088f00000, 0x0000000088f00000, 0x0000000089000000|  0%| F|  |TAMS 0x0000000088f00000, 0x0000000088f00000| Untracked 
| 118|0x0000000089000000, 0x0000000089000000, 0x0000000089100000|  0%| F|  |TAMS 0x0000000089000000, 0x0000000089000000| Untracked 
| 119|0x0000000089100000, 0x0000000089100000, 0x0000000089200000|  0%| F|  |TAMS 0x0000000089100000, 0x0000000089100000| Untracked 
| 120|0x0000000089200000, 0x0000000089200000, 0x0000000089300000|  0%| F|  |TAMS 0x0000000089200000, 0x0000000089200000| Untracked 
| 121|0x0000000089300000, 0x0000000089300000, 0x0000000089400000|  0%| F|  |TAMS 0x0000000089300000, 0x0000000089300000| Untracked 
| 122|0x0000000089400000, 0x0000000089400000, 0x0000000089500000|  0%| F|  |TAMS 0x0000000089400000, 0x0000000089400000| Untracked 
| 123|0x0000000089500000, 0x0000000089500000, 0x0000000089600000|  0%| F|  |TAMS 0x0000000089500000, 0x0000000089500000| Untracked 
| 124|0x0000000089600000, 0x0000000089600000, 0x0000000089700000|  0%| F|  |TAMS 0x0000000089600000, 0x0000000089600000| Untracked 
| 125|0x0000000089700000, 0x0000000089700000, 0x0000000089800000|  0%| F|  |TAMS 0x0000000089700000, 0x0000000089700000| Untracked 
| 126|0x0000000089800000, 0x0000000089800000, 0x0000000089900000|  0%| F|  |TAMS 0x0000000089800000, 0x0000000089800000| Untracked 
| 127|0x0000000089900000, 0x00000000899b3f78, 0x0000000089a00000| 70%| E|  |TAMS 0x0000000089900000, 0x0000000089900000| Complete 

Card table byte_map: [0x0000026977570000,0x0000026977970000] _byte_map_base: 0x0000026977163000

Marking Bits (Prev, Next): (CMBitMap*) 0x0000026964b029b0, (CMBitMap*) 0x0000026964b029f0
 Prev Bits: [0x0000026977d70000, 0x0000026979d08000)
 Next Bits: [0x0000026979d10000, 0x000002697bca8000)

Polling page: 0x0000026962c50000

Metaspace:

Usage:
  Non-class:     12.63 MB used.
      Class:      1.34 MB used.
       Both:     13.98 MB used.

Virtual space:
  Non-class space:       64.00 MB reserved,      12.75 MB ( 20%) committed,  1 nodes.
      Class space:        1.00 GB reserved,       1.50 MB ( <1%) committed,  1 nodes.
             Both:        1.06 GB reserved,      14.25 MB (  1%) committed. 

Chunk freelists:
   Non-Class:  2.93 MB
       Class:  14.56 MB
        Both:  17.49 MB

MaxMetaspaceSize: unlimited
CompressedClassSpaceSize: 1.00 GB
Initial GC threshold: 21.00 MB
Current GC threshold: 21.00 MB
CDS: off
MetaspaceReclaimPolicy: balanced
 - commit_granule_bytes: 65536.
 - commit_granule_words: 8192.
 - virtual_space_node_default_size: 8388608.
 - enlarge_chunks_in_place: 1.
 - new_chunks_are_fully_committed: 0.
 - uncommit_free_chunks: 1.
 - use_allocation_guard: 0.
 - handle_deallocations: 1.


Internal statistics:

num_allocs_failed_limit: 0.
num_arena_births: 90.
num_arena_deaths: 0.
num_vsnodes_births: 2.
num_vsnodes_deaths: 0.
num_space_committed: 228.
num_space_uncommitted: 0.
num_chunks_returned_to_freelist: 0.
num_chunks_taken_from_freelist: 191.
num_chunk_merges: 0.
num_chunk_splits: 104.
num_chunks_enlarged: 62.
num_inconsistent_stats: 0.

CodeHeap 'non-profiled nmethods': size=120000Kb used=275Kb max_used=275Kb free=119724Kb
 bounds [0x000002696fc40000, 0x000002696feb0000, 0x0000026977170000]
CodeHeap 'profiled nmethods': size=120000Kb used=1598Kb max_used=1598Kb free=118401Kb
 bounds [0x0000026968170000, 0x00000269683e0000, 0x000002696f6a0000]
CodeHeap 'non-nmethods': size=5760Kb used=1206Kb max_used=1224Kb free=4553Kb
 bounds [0x000002696f6a0000, 0x000002696f910000, 0x000002696fc40000]
 total_blobs=1466 nmethods=951 adapters=428
 compilation: enabled
              stopped_count=0, restarted_count=0
 full_count=0

Compilation events (20 events):
Event: 1.352 Thread 0x000002697e2f9a30 nmethod 861 0x00000269682cf190 code [0x00000269682cf400, 0x00000269682cfe58]
Event: 1.352 Thread 0x000002697e2f9a30  863       1       sun.util.calendar.CalendarDate::getDayOfMonth (5 bytes)
Event: 1.352 Thread 0x000002697e2f9a30 nmethod 863 0x000002696fc80b10 code [0x000002696fc80ca0, 0x000002696fc80d78]
Event: 1.352 Thread 0x000002697e2f9a30  864       1       sun.util.calendar.CalendarDate::getHours (5 bytes)
Event: 1.353 Thread 0x000002697e2f9a30 nmethod 864 0x000002696fc80e10 code [0x000002696fc80fa0, 0x000002696fc81078]
Event: 1.353 Thread 0x000002697e2f9a30  865       1       sun.util.calendar.CalendarDate::getMinutes (5 bytes)
Event: 1.353 Thread 0x000002697e2f9a30 nmethod 865 0x000002696fc81110 code [0x000002696fc812a0, 0x000002696fc81378]
Event: 1.353 Thread 0x000002697e2f9a30  866       1       sun.util.calendar.CalendarDate::getSeconds (5 bytes)
Event: 1.353 Thread 0x000002697e2f9a30 nmethod 866 0x000002696fc81410 code [0x000002696fc815a0, 0x000002696fc81678]
Event: 1.353 Thread 0x000002697e2f9a30  867       1       sun.util.calendar.CalendarDate::getMillis (5 bytes)
Event: 1.353 Thread 0x000002697e2f9a30 nmethod 867 0x000002696fc81710 code [0x000002696fc818a0, 0x000002696fc81978]
Event: 1.353 Thread 0x000002697e2f9a30  868       1       sun.util.calendar.CalendarDate::setZoneOffset (6 bytes)
Event: 1.353 Thread 0x000002697e2f9a30 nmethod 868 0x000002696fc81a10 code [0x000002696fc81ba0, 0x000002696fc81c78]
Event: 1.353 Thread 0x000002697e2f9a30  869       1       sun.util.calendar.CalendarDate::setDaylightSaving (6 bytes)
Event: 1.353 Thread 0x000002697e2f9a30 nmethod 869 0x000002696fc81d10 code [0x000002696fc81ea0, 0x000002696fc81f78]
Event: 1.353 Thread 0x000002697e2f9a30  870       1       sun.util.calendar.CalendarDate::setDayOfWeek (6 bytes)
Event: 1.353 Thread 0x000002697e2f9a30 nmethod 870 0x000002696fc82010 code [0x000002696fc821a0, 0x000002696fc82278]
Event: 1.353 Thread 0x000002697e2f9a30  871       1       sun.security.util.BitArray::length (5 bytes)
Event: 1.353 Thread 0x000002697e2f9a30 nmethod 871 0x000002696fc82310 code [0x000002696fc824a0, 0x000002696fc82578]
Event: 1.354 Thread 0x000002697e2f9a30  872   !   3       sun.security.x509.OIDMap$OIDInfo::getClazz (53 bytes)

GC Heap History (0 events):
No events

Dll operation events (8 events):
Event: 0.018 Loaded shared library C:\Users\Jahh\.p2\pool\plugins\org.eclipse.justj.openjdk.hotspot.jre.full.win32.x86_64_17.0.7.v20230425-1502\jre\bin\java.dll
Event: 0.258 Loaded shared library C:\Users\Jahh\.p2\pool\plugins\org.eclipse.justj.openjdk.hotspot.jre.full.win32.x86_64_17.0.7.v20230425-1502\jre\bin\net.dll
Event: 0.261 Loaded shared library C:\Users\Jahh\.p2\pool\plugins\org.eclipse.justj.openjdk.hotspot.jre.full.win32.x86_64_17.0.7.v20230425-1502\jre\bin\nio.dll
Event: 0.301 Loaded shared library C:\Users\Jahh\.p2\pool\plugins\org.eclipse.justj.openjdk.hotspot.jre.full.win32.x86_64_17.0.7.v20230425-1502\jre\bin\zip.dll
Event: 0.397 Loaded shared library C:\Users\Jahh\.p2\pool\plugins\org.eclipse.justj.openjdk.hotspot.jre.full.win32.x86_64_17.0.7.v20230425-1502\jre\bin\jimage.dll
Event: 0.407 Loaded shared library C:\Users\Jahh\.p2\pool\plugins\org.eclipse.justj.openjdk.hotspot.jre.full.win32.x86_64_17.0.7.v20230425-1502\jre\bin\awt.dll
Event: 0.966 Loaded shared library C:\Users\Jahh\.p2\pool\plugins\org.eclipse.justj.openjdk.hotspot.jre.full.win32.x86_64_17.0.7.v20230425-1502\jre\bin\verify.dll
Event: 1.053 Loaded shared library C:\Users\Jahh\.p2\pool\plugins\org.eclipse.justj.openjdk.hotspot.jre.full.win32.x86_64_17.0.7.v20230425-1502\jre\bin\sunmscapi.dll

Deoptimization events (20 events):
Event: 0.292 Thread 0x0000026964aa5ec0 DEOPT PACKING pc=0x000002696818ab0c sp=0x000000dd300fa450
Event: 0.292 Thread 0x0000026964aa5ec0 DEOPT UNPACKING pc=0x000002696f6f7143 sp=0x000000dd300f98e0 mode 0
Event: 0.292 Thread 0x0000026964aa5ec0 DEOPT PACKING pc=0x000002696818ab0c sp=0x000000dd300fa450
Event: 0.292 Thread 0x0000026964aa5ec0 DEOPT UNPACKING pc=0x000002696f6f7143 sp=0x000000dd300f98e0 mode 0
Event: 0.292 Thread 0x0000026964aa5ec0 DEOPT PACKING pc=0x000002696818ab0c sp=0x000000dd300fa450
Event: 0.292 Thread 0x0000026964aa5ec0 DEOPT UNPACKING pc=0x000002696f6f7143 sp=0x000000dd300f98e0 mode 0
Event: 0.800 Thread 0x0000026964aa5ec0 DEOPT PACKING pc=0x000002696819d667 sp=0x000000dd300f9e10
Event: 0.800 Thread 0x0000026964aa5ec0 DEOPT UNPACKING pc=0x000002696f6f7143 sp=0x000000dd300f9230 mode 0
Event: 0.939 Thread 0x0000026964aa5ec0 DEOPT PACKING pc=0x00000269681e6e65 sp=0x000000dd300f9fe0
Event: 0.939 Thread 0x0000026964aa5ec0 DEOPT UNPACKING pc=0x000002696f6f7143 sp=0x000000dd300f9458 mode 0
Event: 1.008 Thread 0x0000026964aa5ec0 Uncommon trap: trap_request=0xffffff45 fr.pc=0x000002696fc662e8 relative=0x0000000000000248
Event: 1.009 Thread 0x0000026964aa5ec0 Uncommon trap: reason=unstable_if action=reinterpret pc=0x000002696fc662e8 method=java.lang.String.startsWith(Ljava/lang/String;I)Z @ 1 c2
Event: 1.009 Thread 0x0000026964aa5ec0 DEOPT PACKING pc=0x000002696fc662e8 sp=0x000000dd300fdcd0
Event: 1.009 Thread 0x0000026964aa5ec0 DEOPT UNPACKING pc=0x000002696f6f69a3 sp=0x000000dd300fdc38 mode 2
Event: 1.337 Thread 0x0000026964aa5ec0 DEOPT PACKING pc=0x00000269682b30be sp=0x000000dd300fe470
Event: 1.337 Thread 0x0000026964aa5ec0 DEOPT UNPACKING pc=0x000002696f6f7143 sp=0x000000dd300fd8f0 mode 0
Event: 1.339 Thread 0x0000026964aa5ec0 DEOPT PACKING pc=0x00000269682b30be sp=0x000000dd300fe450
Event: 1.339 Thread 0x0000026964aa5ec0 DEOPT UNPACKING pc=0x000002696f6f7143 sp=0x000000dd300fd8d0 mode 0
Event: 1.342 Thread 0x0000026964aa5ec0 DEOPT PACKING pc=0x00000269682b30be sp=0x000000dd300fe470
Event: 1.342 Thread 0x0000026964aa5ec0 DEOPT UNPACKING pc=0x000002696f6f7143 sp=0x000000dd300fd8f0 mode 0

Classes unloaded (0 events):
No events

Classes redefined (0 events):
No events

Internal exceptions (14 events):
Event: 0.370 Thread 0x0000026964aa5ec0 Exception <a 'java/lang/ClassNotFoundException'{0x00000000898a56c0}: sun/awt/resources/spi/awtProvider> (0x00000000898a56c0) 
thrown [s\src\hotspot\share\classfile\systemDictionary.cpp, line 256]
Event: 0.487 Thread 0x0000026964aa5ec0 Exception <a 'java/io/FileNotFoundException'{0x00000000898fc9f8}> (0x00000000898fc9f8) 
thrown [s\src\hotspot\share\prims\jni.cpp, line 516]
Event: 0.513 Thread 0x0000026964aa5ec0 Exception <a 'java/io/FileNotFoundException'{0x0000000089729e60}> (0x0000000089729e60) 
thrown [s\src\hotspot\share\prims\jni.cpp, line 516]
Event: 0.684 Thread 0x0000026964aa5ec0 Exception <a 'java/lang/NoSuchMethodError'{0x00000000897654c8}: 'java.lang.Object java.lang.invoke.DirectMethodHandle$Holder.invokeStaticInit(java.lang.Object)'> (0x00000000897654c8) 
thrown [s\src\hotspot\share\interpreter\linkResolver.cpp, line 759]
Event: 0.841 Thread 0x0000026964aa5ec0 Exception <a 'java/lang/NoSuchMethodError'{0x00000000896f2e50}: 'void java.lang.invoke.DirectMethodHandle$Holder.invokeStatic(java.lang.Object, java.lang.Object)'> (0x00000000896f2e50) 
thrown [s\src\hotspot\share\interpreter\linkResolver.cpp, line 759]
Event: 0.859 Thread 0x0000026964aa5ec0 Exception <a 'java/net/SocketException'{0x00000000896fd460}: Socket is not connected: shutdown> (0x00000000896fd460) 
thrown [s\src\hotspot\share\prims\jni.cpp, line 535]
Event: 0.927 Thread 0x0000026964aa5ec0 Exception <a 'java/lang/NoSuchMethodError'{0x00000000895e9498}: 'void java.lang.invoke.DirectMethodHandle$Holder.invokeVirtual(java.lang.Object, java.lang.Object, java.lang.Object, java.lang.Object)'> (0x00000000895e9498) 
thrown [s\src\hotspot\share\interpreter\linkResolver.cpp, line 759]
Event: 0.991 Thread 0x0000026964aa5ec0 Exception <a 'java/lang/NoClassDefFoundError'{0x000000008949d1d0}: org/apache/log4j/Priority> (0x000000008949d1d0) 
thrown [s\src\hotspot\share\classfile\systemDictionary.cpp, line 245]
Event: 1.131 Thread 0x0000026964aa5ec0 Exception <a 'sun/nio/fs/WindowsException'{0x0000000089227160}> (0x0000000089227160) 
thrown [s\src\hotspot\share\prims\jni.cpp, line 516]
Event: 1.156 Thread 0x0000026964aa5ec0 Exception <a 'java/lang/NoSuchMethodError'{0x000000008924f260}: 'int java.lang.invoke.DirectMethodHandle$Holder.invokeStaticInit(java.lang.Object, java.lang.Object, java.lang.Object, java.lang.Object)'> (0x000000008924f260) 
thrown [s\src\hotspot\share\interpreter\linkResolver.cpp, line 759]
Event: 1.159 Thread 0x0000026964aa5ec0 Exception <a 'java/lang/NoSuchMethodError'{0x0000000089258bb8}: 'java.lang.Object java.lang.invoke.DirectMethodHandle$Holder.invokeInterface(java.lang.Object, java.lang.Object)'> (0x0000000089258bb8) 
thrown [s\src\hotspot\share\interpreter\linkResolver.cpp, line 759]
Event: 1.160 Thread 0x0000026964aa5ec0 Exception <a 'java/lang/IncompatibleClassChangeError'{0x000000008925c3b0}: Found class java.lang.Object, but interface was expected> (0x000000008925c3b0) 
thrown [s\src\hotspot\share\interpreter\linkResolver.cpp, line 826]
Event: 1.161 Thread 0x0000026964aa5ec0 Exception <a 'java/lang/NoSuchMethodError'{0x000000008925f400}: 'void java.lang.invoke.DirectMethodHandle$Holder.invokeStaticInit(java.lang.Object, java.lang.Object)'> (0x000000008925f400) 
thrown [s\src\hotspot\share\interpreter\linkResolver.cpp, line 759]
Event: 1.164 Thread 0x0000026964aa5ec0 Exception <a 'java/lang/NoSuchMethodError'{0x00000000892657b0}: 'int java.lang.invoke.DirectMethodHandle$Holder.invokeStaticInit(java.lang.Object, java.lang.Object)'> (0x00000000892657b0) 
thrown [s\src\hotspot\share\interpreter\linkResolver.cpp, line 759]

VM Operations (6 events):
Event: 0.306 Executing VM operation: HandshakeAllThreads
Event: 0.306 Executing VM operation: HandshakeAllThreads done
Event: 0.834 Executing VM operation: HandshakeAllThreads
Event: 0.834 Executing VM operation: HandshakeAllThreads done
Event: 1.006 Executing VM operation: HandshakeAllThreads
Event: 1.006 Executing VM operation: HandshakeAllThreads done

Events (20 events):
Event: 1.303 loading class jdk/internal/reflect/ClassDefiner$1
Event: 1.303 loading class jdk/internal/reflect/ClassDefiner$1 done
Event: 1.303 loading class jdk/internal/reflect/BootstrapConstructorAccessorImpl
Event: 1.303 loading class jdk/internal/reflect/BootstrapConstructorAccessorImpl done
Event: 1.311 loading class sun/security/x509/CRLDistributionPointsExtension
Event: 1.311 loading class sun/security/x509/CRLDistributionPointsExtension done
Event: 1.311 loading class sun/security/x509/DistributionPoint
Event: 1.311 loading class sun/security/x509/DistributionPoint done
Event: 1.311 loading class sun/security/x509/URIName
Event: 1.312 loading class sun/security/x509/URIName done
Event: 1.312 loading class sun/security/x509/DNSName
Event: 1.312 loading class sun/security/x509/DNSName done
Event: 1.319 loading class sun/security/x509/SubjectAlternativeNameExtension
Event: 1.319 loading class sun/security/x509/SubjectAlternativeNameExtension done
Event: 1.320 loading class sun/security/x509/RFC822Name
Event: 1.320 loading class sun/security/x509/RFC822Name done
Event: 1.321 loading class sun/security/x509/NetscapeCertTypeExtension
Event: 1.322 loading class sun/security/x509/NetscapeCertTypeExtension done
Event: 1.322 loading class sun/security/x509/NetscapeCertTypeExtension$MapEntry
Event: 1.322 loading class sun/security/x509/NetscapeCertTypeExtension$MapEntry done


Dynamic libraries:
0x00007ff70bdd0000 - 0x00007ff70bdde000 	C:\Users\Jahh\.p2\pool\plugins\org.eclipse.justj.openjdk.hotspot.jre.full.win32.x86_64_17.0.7.v20230425-1502\jre\bin\javaw.exe
0x00007ff8e1310000 - 0x00007ff8e1505000 	C:\WINDOWS\SYSTEM32\ntdll.dll
0x00007ff8e0280000 - 0x00007ff8e033d000 	C:\WINDOWS\System32\KERNEL32.DLL
0x00007ff8deda0000 - 0x00007ff8df067000 	C:\WINDOWS\System32\KERNELBASE.dll
0x00007ff8df1f0000 - 0x00007ff8df2f0000 	C:\WINDOWS\System32\ucrtbase.dll
0x00007ff8d7bf0000 - 0x00007ff8d7c07000 	C:\Users\Jahh\.p2\pool\plugins\org.eclipse.justj.openjdk.hotspot.jre.full.win32.x86_64_17.0.7.v20230425-1502\jre\bin\jli.dll
0x00007ff8dfd20000 - 0x00007ff8dfec0000 	C:\WINDOWS\System32\USER32.dll
0x00007ff8deb40000 - 0x00007ff8deb62000 	C:\WINDOWS\System32\win32u.dll
0x00007ff8dfc80000 - 0x00007ff8dfcaa000 	C:\WINDOWS\System32\GDI32.dll
0x00007ff8df2f0000 - 0x00007ff8df3f9000 	C:\WINDOWS\System32\gdi32full.dll
0x00007ff8df150000 - 0x00007ff8df1ed000 	C:\WINDOWS\System32\msvcp_win.dll
0x00007ff8d7bd0000 - 0x00007ff8d7be9000 	C:\Users\Jahh\.p2\pool\plugins\org.eclipse.justj.openjdk.hotspot.jre.full.win32.x86_64_17.0.7.v20230425-1502\jre\bin\VCRUNTIME140.dll
0x00007ff8d26b0000 - 0x00007ff8d294b000 	C:\WINDOWS\WinSxS\amd64_microsoft.windows.common-controls_6595b64144ccf1df_6.0.19041.488_none_ca04af081b815d21\COMCTL32.dll
0x00007ff8e07b0000 - 0x00007ff8e084e000 	C:\WINDOWS\System32\msvcrt.dll
0x00007ff8dfbf0000 - 0x00007ff8dfc20000 	C:\WINDOWS\System32\IMM32.DLL
0x00007ff8d7b40000 - 0x00007ff8d7b4c000 	C:\Users\Jahh\.p2\pool\plugins\org.eclipse.justj.openjdk.hotspot.jre.full.win32.x86_64_17.0.7.v20230425-1502\jre\bin\vcruntime140_1.dll
0x00007ff8b8b00000 - 0x00007ff8b8b91000 	C:\Users\Jahh\.p2\pool\plugins\org.eclipse.justj.openjdk.hotspot.jre.full.win32.x86_64_17.0.7.v20230425-1502\jre\bin\msvcp140.dll
0x00007ff8aa1d0000 - 0x00007ff8aae18000 	C:\Users\Jahh\.p2\pool\plugins\org.eclipse.justj.openjdk.hotspot.jre.full.win32.x86_64_17.0.7.v20230425-1502\jre\bin\server\jvm.dll
0x00007ff8e0920000 - 0x00007ff8e09ca000 	C:\WINDOWS\System32\ADVAPI32.dll
0x00007ff8dfb50000 - 0x00007ff8dfbeb000 	C:\WINDOWS\System32\sechost.dll
0x00007ff8df970000 - 0x00007ff8dfa94000 	C:\WINDOWS\System32\RPCRT4.dll
0x00007ff8d44b0000 - 0x00007ff8d44b9000 	C:\WINDOWS\SYSTEM32\WSOCK32.dll
0x00007ff8e0550000 - 0x00007ff8e05bb000 	C:\WINDOWS\System32\WS2_32.dll
0x00007ff8d4110000 - 0x00007ff8d4137000 	C:\WINDOWS\SYSTEM32\WINMM.dll
0x00007ff8d4050000 - 0x00007ff8d405a000 	C:\WINDOWS\SYSTEM32\VERSION.dll
0x00007ff8dcaa0000 - 0x00007ff8dcab3000 	C:\WINDOWS\SYSTEM32\kernel.appcore.dll
0x00007ff8d44a0000 - 0x00007ff8d44aa000 	C:\Users\Jahh\.p2\pool\plugins\org.eclipse.justj.openjdk.hotspot.jre.full.win32.x86_64_17.0.7.v20230425-1502\jre\bin\jimage.dll
0x00007ff8c9e30000 - 0x00007ff8ca014000 	C:\WINDOWS\SYSTEM32\DBGHELP.DLL
0x00007ff8c9e00000 - 0x00007ff8c9e2c000 	C:\WINDOWS\SYSTEM32\dbgcore.DLL
0x00007ff8debc0000 - 0x00007ff8dec3f000 	C:\WINDOWS\System32\bcryptPrimitives.dll
0x00007ff8c6a50000 - 0x00007ff8c6a75000 	C:\Users\Jahh\.p2\pool\plugins\org.eclipse.justj.openjdk.hotspot.jre.full.win32.x86_64_17.0.7.v20230425-1502\jre\bin\java.dll
0x00007ff8d0a70000 - 0x00007ff8d0a88000 	C:\Users\Jahh\.p2\pool\plugins\org.eclipse.justj.openjdk.hotspot.jre.full.win32.x86_64_17.0.7.v20230425-1502\jre\bin\zip.dll
0x00007ff8e0b80000 - 0x00007ff8e12c1000 	C:\WINDOWS\System32\SHELL32.dll
0x00007ff8dcca0000 - 0x00007ff8dd433000 	C:\WINDOWS\SYSTEM32\windows.storage.dll
0x00007ff8dff20000 - 0x00007ff8e0275000 	C:\WINDOWS\System32\combase.dll
0x00007ff8de5b0000 - 0x00007ff8de5dc000 	C:\WINDOWS\SYSTEM32\Wldp.dll
0x00007ff8e05c0000 - 0x00007ff8e066e000 	C:\WINDOWS\System32\SHCORE.dll
0x00007ff8dfc20000 - 0x00007ff8dfc75000 	C:\WINDOWS\System32\shlwapi.dll
0x00007ff8dea70000 - 0x00007ff8dea96000 	C:\WINDOWS\SYSTEM32\profapi.dll
0x00007ff8ceef0000 - 0x00007ff8cef09000 	C:\Users\Jahh\.p2\pool\plugins\org.eclipse.justj.openjdk.hotspot.jre.full.win32.x86_64_17.0.7.v20230425-1502\jre\bin\net.dll
0x00007ff8d1c50000 - 0x00007ff8d1d50000 	C:\WINDOWS\SYSTEM32\WINHTTP.dll
0x00007ff8de330000 - 0x00007ff8de39a000 	C:\WINDOWS\system32\mswsock.dll
0x00007ff8ceb70000 - 0x00007ff8ceb85000 	C:\Users\Jahh\.p2\pool\plugins\org.eclipse.justj.openjdk.hotspot.jre.full.win32.x86_64_17.0.7.v20230425-1502\jre\bin\nio.dll
0x00007ff8b48a0000 - 0x00007ff8b4a2e000 	C:\Users\Jahh\.p2\pool\plugins\org.eclipse.justj.openjdk.hotspot.jre.full.win32.x86_64_17.0.7.v20230425-1502\jre\bin\awt.dll
0x00007ff8e0850000 - 0x00007ff8e091d000 	C:\WINDOWS\System32\OLEAUT32.dll
0x00007ff8dc410000 - 0x00007ff8dc4a0000 	C:\WINDOWS\SYSTEM32\apphelp.dll
0x00007ff8dc6e0000 - 0x00007ff8dc70f000 	C:\WINDOWS\system32\DWMAPI.DLL
0x00007ff8dc560000 - 0x00007ff8dc5ff000 	C:\WINDOWS\system32\uxtheme.dll
0x00007ff8be730000 - 0x00007ff8be855000 	C:\WINDOWS\system32\opengl32.dll
0x00007ff8c6800000 - 0x00007ff8c682c000 	C:\WINDOWS\SYSTEM32\GLU32.dll
0x00007ff8e0340000 - 0x00007ff8e0455000 	C:\WINDOWS\System32\MSCTF.dll
0x00007ff8e0670000 - 0x00007ff8e0799000 	C:\WINDOWS\System32\ole32.dll
0x00007ff8de010000 - 0x00007ff8de0db000 	C:\WINDOWS\SYSTEM32\DNSAPI.dll
0x00007ff8ddfd0000 - 0x00007ff8de00b000 	C:\WINDOWS\SYSTEM32\IPHLPAPI.DLL
0x00007ff8e07a0000 - 0x00007ff8e07a9000 	C:\WINDOWS\System32\NSI.dll
0x00007ff8d1600000 - 0x00007ff8d160a000 	C:\Windows\System32\rasadhlp.dll
0x00007ff8d1bd0000 - 0x00007ff8d1c4f000 	C:\WINDOWS\System32\fwpuclnt.dll
0x00007ff8df120000 - 0x00007ff8df147000 	C:\WINDOWS\System32\bcrypt.dll
0x00007ff8d3d70000 - 0x00007ff8d3d80000 	C:\Users\Jahh\.p2\pool\plugins\org.eclipse.justj.openjdk.hotspot.jre.full.win32.x86_64_17.0.7.v20230425-1502\jre\bin\verify.dll
0x00007ff8d35e0000 - 0x00007ff8d35ee000 	C:\Users\Jahh\.p2\pool\plugins\org.eclipse.justj.openjdk.hotspot.jre.full.win32.x86_64_17.0.7.v20230425-1502\jre\bin\sunmscapi.dll
0x00007ff8dec40000 - 0x00007ff8ded9d000 	C:\WINDOWS\System32\CRYPT32.dll
0x00007ff8de620000 - 0x00007ff8de647000 	C:\WINDOWS\SYSTEM32\ncrypt.dll
0x00007ff8de5e0000 - 0x00007ff8de61b000 	C:\WINDOWS\SYSTEM32\NTASN1.dll
0x00007ff8de500000 - 0x00007ff8de518000 	C:\WINDOWS\SYSTEM32\CRYPTSP.dll
0x00007ff8ddc50000 - 0x00007ff8ddc84000 	C:\WINDOWS\system32\rsaenh.dll
0x00007ff8de9f0000 - 0x00007ff8dea1e000 	C:\WINDOWS\SYSTEM32\USERENV.dll
0x00007ff8de520000 - 0x00007ff8de52c000 	C:\WINDOWS\SYSTEM32\CRYPTBASE.dll
0x00007ff8d3f20000 - 0x00007ff8d3f37000 	C:\WINDOWS\SYSTEM32\dhcpcsvc6.DLL
0x00007ff8d43c0000 - 0x00007ff8d43dd000 	C:\WINDOWS\SYSTEM32\dhcpcsvc.DLL

dbghelp: loaded successfully - version: 4.0.5 - missing functions: none
symbol engine: initialized successfully - sym options: 0x614 - pdb path: .;C:\Users\Jahh\.p2\pool\plugins\org.eclipse.justj.openjdk.hotspot.jre.full.win32.x86_64_17.0.7.v20230425-1502\jre\bin;C:\WINDOWS\SYSTEM32;C:\WINDOWS\WinSxS\amd64_microsoft.windows.common-controls_6595b64144ccf1df_6.0.19041.488_none_ca04af081b815d21;C:\Users\Jahh\.p2\pool\plugins\org.eclipse.justj.openjdk.hotspot.jre.full.win32.x86_64_17.0.7.v20230425-1502\jre\bin\server

VM Arguments:
jvm_args: -Dfile.encoding=UTF-8 -XX:+ShowCodeDetailsInExceptionMessages 
java_command: CampaignSettings.DeliverySettings_ConstituentMailOnly
java_class_path (initial): C:\Users\Jahh\Desktop\CiviClick\CiviClick\target\classes;C:\Users\Jahh\Downloads\selenium-server-standalone-3.5.3.jar
Launcher Type: SUN_STANDARD

[Global flags]
     intx CICompilerCount                          = 3                                         {product} {ergonomic}
     uint ConcGCThreads                            = 1                                         {product} {ergonomic}
     uint G1ConcRefinementThreads                  = 4                                         {product} {ergonomic}
   size_t G1HeapRegionSize                         = 1048576                                   {product} {ergonomic}
    uintx GCDrainStackTargetSize                   = 64                                        {product} {ergonomic}
   size_t InitialHeapSize                          = 134217728                                 {product} {ergonomic}
   size_t MarkStackSize                            = 4194304                                   {product} {ergonomic}
   size_t MaxHeapSize                              = 2120220672                                {product} {ergonomic}
   size_t MaxNewSize                               = 1271922688                                {product} {ergonomic}
   size_t MinHeapDeltaBytes                        = 1048576                                   {product} {ergonomic}
   size_t MinHeapSize                              = 8388608                                   {product} {ergonomic}
    uintx NonNMethodCodeHeapSize                   = 5832780                                {pd product} {ergonomic}
    uintx NonProfiledCodeHeapSize                  = 122912730                              {pd product} {ergonomic}
    uintx ProfiledCodeHeapSize                     = 122912730                              {pd product} {ergonomic}
    uintx ReservedCodeCacheSize                    = 251658240                              {pd product} {ergonomic}
     bool SegmentedCodeCache                       = true                                      {product} {ergonomic}
     bool ShowCodeDetailsInExceptionMessages       = true                                   {manageable} {command line}
   size_t SoftMaxHeapSize                          = 2120220672                             {manageable} {ergonomic}
     bool UseCompressedClassPointers               = true                           {product lp64_product} {ergonomic}
     bool UseCompressedOops                        = true                           {product lp64_product} {ergonomic}
     bool UseG1GC                                  = true                                      {product} {ergonomic}
     bool UseLargePagesIndividualAllocation        = false                                  {pd product} {ergonomic}

Logging:
Log output configuration:
 #0: stdout all=warning uptime,level,tags
 #1: stderr all=off uptime,level,tags

Environment Variables:
PATH=C:/Users/Jahh/.p2/pool/plugins/org.eclipse.justj.openjdk.hotspot.jre.full.win32.x86_64_17.0.7.v20230425-1502/jre/bin/server;C:/Users/Jahh/.p2/pool/plugins/org.eclipse.justj.openjdk.hotspot.jre.full.win32.x86_64_17.0.7.v20230425-1502/jre/bin;C:\Program Files (x86)\NVIDIA Corporation\PhysX\Common;C:\WINDOWS\system32;C:\WINDOWS;C:\WINDOWS\System32\Wbem;C:\WINDOWS\System32\WindowsPowerShell\v1.0\;C:\Program Files\Intel\WiFi\bin\;C:\Program Files\Common Files\Intel\WirelessCommon\;C:\WINDOWS\System32\OpenSSH\;C:\Program Files\Git\cmd;C:\Program Files\Intel\WiFi\bin\;C:\Program Files\Common Files\Intel\WirelessCommon\;%USERPROFILE%\AppData\Local\Microsoft\WindowsApps;;C:\WINDOWS\System32;
USERNAME=Jahh
OS=Windows_NT
PROCESSOR_IDENTIFIER=Intel64 Family 6 Model 58 Stepping 9, GenuineIntel
TMP=C:\Users\Jahh\AppData\Local\Temp
TEMP=C:\Users\Jahh\AppData\Local\Temp



---------------  S Y S T E M  ---------------

OS:
 Windows 10 , 64 bit Build 19041 (10.0.19041.292)
OS uptime: 2 days 4:43 hours

CPU: total 4 (initial active 4) (2 cores per cpu, 2 threads per core) family 6 model 58 stepping 9 microcode 0x21, cx8, cmov, fxsr, ht, mmx, sse, sse2, sse3, ssse3, sse4.1, sse4.2, popcnt, tsc, tscinvbit, avx, erms, clmul, vzeroupper, clflush

Memory: 4k page, system-wide physical 8084M (746M free)
TotalPageFile size 10684M (AvailPageFile size 4M)
current process WorkingSet (physical memory assigned to process): 74M, peak: 75M
current process commit charge ("private bytes"): 214M, peak: 214M

vm_info: OpenJDK 64-Bit Server VM (17.0.7+7) for windows-amd64 JRE (17.0.7+7), built on Apr 18 2023 22:10:42 by "temurin" with MS VC++ 16.7 (VS2019)

END.
